[    6091ms] [ERROR] Failed to load resource: net::ERR_CONNECTION_RESET @ http://localhost:3099/@fs/Users/user/mm/gsl-components/src/components/badge/Badge.tsx?t=1781754139420:0
[    6091ms] [ERROR] [vite] Failed to reload /@fs/Users/user/mm/gsl-components/src/components/badge/Badge.tsx. This could be due to syntax errors or importing non-existent modules. (see errors above) @ http://localhost:3099/@vite/client:881
[    6091ms] [ERROR] Failed to load resource: net::ERR_CONNECTION_RESET @ http://localhost:3099/@fs/Users/user/mm/gsl-components/src/components/app-header/AppHeader.tsx?t=1781754139420:0
[    6091ms] [ERROR] Failed to load resource: net::ERR_CONNECTION_RESET @ http://localhost:3099/@fs/Users/user/mm/gsl-components/src/components/app-header/AppHeaderSearch.tsx?t=1781754139420:0
[    6091ms] [ERROR] [vite] Failed to reload /@fs/Users/user/mm/gsl-components/src/components/app-header/AppHeader.tsx. This could be due to syntax errors or importing non-existent modules. (see errors above) @ http://localhost:3099/@vite/client:881
[    6091ms] [ERROR] [vite] Failed to reload /@fs/Users/user/mm/gsl-components/src/components/app-header/AppHeaderSearch.tsx. This could be due to syntax errors or importing non-existent modules. (see errors above) @ http://localhost:3099/@vite/client:881
[    6092ms] [ERROR] Failed to load resource: net::ERR_CONNECTION_RESET @ http://localhost:3099/@fs/Users/user/mm/gsl-components/src/components/app-header/AppHeaderProfile.tsx?t=1781754139420:0
[    6092ms] [ERROR] [vite] Failed to reload /@fs/Users/user/mm/gsl-components/src/components/app-header/AppHeaderProfile.tsx. This could be due to syntax errors or importing non-existent modules. (see errors above) @ http://localhost:3099/@vite/client:881
[    6092ms] [ERROR] Failed to load resource: net::ERR_CONNECTION_RESET @ http://localhost:3099/@fs/Users/user/mm/gsl-components/src/components/app-header/AppHeaderNotifications.tsx?t=1781754139420:0
[    6092ms] [ERROR] [vite] Failed to reload /@fs/Users/user/mm/gsl-components/src/components/app-header/AppHeaderNotifications.tsx. This could be due to syntax errors or importing non-existent modules. (see errors above) @ http://localhost:3099/@vite/client:881
[    6092ms] [ERROR] Failed to load resource: net::ERR_CONNECTION_RESET @ http://localhost:3099/@fs/Users/user/mm/gsl-components/src/components/checkbox/Checkbox.tsx?t=1781754139420:0
[    6092ms] [ERROR] [vite] Failed to reload /@fs/Users/user/mm/gsl-components/src/components/checkbox/Checkbox.tsx. This could be due to syntax errors or importing non-existent modules. (see errors above) @ http://localhost:3099/@vite/client:881
[    6093ms] [ERROR] Failed to load resource: net::ERR_CONNECTION_REFUSED @ http://localhost:3099/@fs/Users/user/mm/gsl-components/src/components/upload-field/UploadField.tsx?t=1781754139420:0
[    6093ms] [ERROR] [vite] Failed to reload /@fs/Users/user/mm/gsl-components/src/components/upload-field/UploadField.tsx. This could be due to syntax errors or importing non-existent modules. (see errors above) @ http://localhost:3099/@vite/client:881
[    6093ms] [ERROR] Failed to load resource: net::ERR_CONNECTION_REFUSED @ http://localhost:3099/@fs/Users/user/mm/gsl-components/src/components/metric-card/MetricCard.tsx?t=1781754139420:0
[    6093ms] [ERROR] Failed to load resource: net::ERR_CONNECTION_REFUSED @ http://localhost:3099/@fs/Users/user/mm/gsl-components/src/components/country-selector/CountrySelector.tsx?t=1781754139420:0
[    6093ms] [ERROR] Failed to load resource: net::ERR_CONNECTION_REFUSED @ http://localhost:3099/@fs/Users/user/mm/gsl-components/src/components/sidebar/Sidebar.tsx?t=1781754139420:0
[    6093ms] [ERROR] Failed to load resource: net::ERR_CONNECTION_REFUSED @ http://localhost:3099/@fs/Users/user/mm/gsl-components/src/components/card/Card.tsx?t=1781754139420:0
[    6093ms] [ERROR] Failed to load resource: net::ERR_CONNECTION_REFUSED @ http://localhost:3099/@fs/Users/user/mm/gsl-components/src/components/breadcrumb/Breadcrumb.tsx?t=1781754139420:0
[    6093ms] [ERROR] [vite] Failed to reload /@fs/Users/user/mm/gsl-components/src/components/metric-card/MetricCard.tsx. This could be due to syntax errors or importing non-existent modules. (see errors above) @ http://localhost:3099/@vite/client:881
[    6093ms] [ERROR] [vite] Failed to reload /@fs/Users/user/mm/gsl-components/src/components/country-selector/CountrySelector.tsx. This could be due to syntax errors or importing non-existent modules. (see errors above) @ http://localhost:3099/@vite/client:881
[    6093ms] [ERROR] [vite] Failed to reload /@fs/Users/user/mm/gsl-components/src/components/sidebar/Sidebar.tsx. This could be due to syntax errors or importing non-existent modules. (see errors above) @ http://localhost:3099/@vite/client:881
[    6093ms] [ERROR] [vite] Failed to reload /@fs/Users/user/mm/gsl-components/src/components/card/Card.tsx. This could be due to syntax errors or importing non-existent modules. (see errors above) @ http://localhost:3099/@vite/client:881
[    6093ms] [ERROR] [vite] Failed to reload /@fs/Users/user/mm/gsl-components/src/components/breadcrumb/Breadcrumb.tsx. This could be due to syntax errors or importing non-existent modules. (see errors above) @ http://localhost:3099/@vite/client:881
[    6094ms] [ERROR] Failed to load resource: net::ERR_CONNECTION_REFUSED @ http://localhost:3099/@fs/Users/user/mm/gsl-components/src/components/draggable/Draggable.tsx?t=1781754139420:0
[    6094ms] [ERROR] [vite] Failed to reload /@fs/Users/user/mm/gsl-components/src/components/draggable/Draggable.tsx. This could be due to syntax errors or importing non-existent modules. (see errors above) @ http://localhost:3099/@vite/client:881
[    6094ms] [ERROR] Failed to load resource: net::ERR_CONNECTION_REFUSED @ http://localhost:3099/@fs/Users/user/mm/gsl-components/src/components/toast/Toaster.tsx?t=1781754139420:0
[    6094ms] [ERROR] [vite] Failed to reload /@fs/Users/user/mm/gsl-components/src/components/toast/Toaster.tsx. This could be due to syntax errors or importing non-existent modules. (see errors above) @ http://localhost:3099/@vite/client:881
[    6094ms] [ERROR] Failed to load resource: net::ERR_CONNECTION_REFUSED @ http://localhost:3099/@fs/Users/user/mm/gsl-components/src/components/network-operator/NetworkOperator.tsx?t=1781754139420:0
[    6094ms] [ERROR] [vite] Failed to reload /@fs/Users/user/mm/gsl-components/src/components/network-operator/NetworkOperator.tsx. This could be due to syntax errors or importing non-existent modules. (see errors above) @ http://localhost:3099/@vite/client:881
[    6094ms] [ERROR] Failed to load resource: net::ERR_CONNECTION_REFUSED @ http://localhost:3099/@fs/Users/user/mm/gsl-components/src/components/button/Button.tsx?t=1781754139420:0
[    6094ms] [ERROR] [vite] Failed to reload /@fs/Users/user/mm/gsl-components/src/components/button/Button.tsx. This could be due to syntax errors or importing non-existent modules. (see errors above) @ http://localhost:3099/@vite/client:881
[    6094ms] [ERROR] Failed to load resource: net::ERR_CONNECTION_REFUSED @ http://localhost:3099/@fs/Users/user/mm/gsl-components/src/components/app-layout/AppSidebar.tsx?t=1781754139420:0
[    6094ms] [ERROR] [vite] Failed to reload /@fs/Users/user/mm/gsl-components/src/components/app-layout/AppSidebar.tsx. This could be due to syntax errors or importing non-existent modules. (see errors above) @ http://localhost:3099/@vite/client:881
[    6094ms] [ERROR] Failed to load resource: net::ERR_CONNECTION_REFUSED @ http://localhost:3099/@fs/Users/user/mm/gsl-components/src/components/date-selector/DateSelector.tsx?t=1781754139420:0
[    6094ms] [ERROR] [vite] Failed to reload /@fs/Users/user/mm/gsl-components/src/components/date-selector/DateSelector.tsx. This could be due to syntax errors or importing non-existent modules. (see errors above) @ http://localhost:3099/@vite/client:881
[    6095ms] [ERROR] Failed to load resource: net::ERR_CONNECTION_REFUSED @ http://localhost:3099/@fs/Users/user/mm/gsl-components/src/components/app-layout/AppLayout.tsx?t=1781754139420:0
[    6095ms] [ERROR] [vite] Failed to reload /@fs/Users/user/mm/gsl-components/src/components/app-layout/AppLayout.tsx. This could be due to syntax errors or importing non-existent modules. (see errors above) @ http://localhost:3099/@vite/client:881
[    6095ms] [ERROR] Failed to load resource: net::ERR_CONNECTION_REFUSED @ http://localhost:3099/@fs/Users/user/mm/gsl-components/src/components/dialog/Dialog.tsx?t=1781754139420:0
[    6095ms] [ERROR] [vite] Failed to reload /@fs/Users/user/mm/gsl-components/src/components/dialog/Dialog.tsx. This could be due to syntax errors or importing non-existent modules. (see errors above) @ http://localhost:3099/@vite/client:881
[    6095ms] [ERROR] Failed to load resource: net::ERR_CONNECTION_REFUSED @ http://localhost:3099/@fs/Users/user/mm/gsl-components/src/components/app-layout/AppBody.tsx?t=1781754139420:0
[    6095ms] [ERROR] [vite] Failed to reload /@fs/Users/user/mm/gsl-components/src/components/app-layout/AppBody.tsx. This could be due to syntax errors or importing non-existent modules. (see errors above) @ http://localhost:3099/@vite/client:881
[    6095ms] [ERROR] Failed to load resource: net::ERR_CONNECTION_REFUSED @ http://localhost:3099/@fs/Users/user/mm/gsl-components/src/components/popover/Popover.tsx?t=1781754139420:0
[    6095ms] [ERROR] [vite] Failed to reload /@fs/Users/user/mm/gsl-components/src/components/popover/Popover.tsx. This could be due to syntax errors or importing non-existent modules. (see errors above) @ http://localhost:3099/@vite/client:881
[    6095ms] [ERROR] Failed to load resource: net::ERR_CONNECTION_REFUSED @ http://localhost:3099/@fs/Users/user/mm/gsl-components/src/components/textarea/Textarea.tsx?t=1781754139420:0
[    6095ms] [ERROR] [vite] Failed to reload /@fs/Users/user/mm/gsl-components/src/components/textarea/Textarea.tsx. This could be due to syntax errors or importing non-existent modules. (see errors above) @ http://localhost:3099/@vite/client:881
[    6095ms] [ERROR] Failed to load resource: net::ERR_CONNECTION_REFUSED @ http://localhost:3099/@fs/Users/user/mm/gsl-components/src/components/input/Input.tsx?t=1781754139420:0
[    6095ms] [ERROR] [vite] Failed to reload /@fs/Users/user/mm/gsl-components/src/components/input/Input.tsx. This could be due to syntax errors or importing non-existent modules. (see errors above) @ http://localhost:3099/@vite/client:881
[    6096ms] [ERROR] Failed to load resource: net::ERR_CONNECTION_REFUSED @ http://localhost:3099/@fs/Users/user/mm/gsl-components/src/components/otp-input/OtpInput.tsx?t=1781754139420:0
[    6096ms] [ERROR] [vite] Failed to reload /@fs/Users/user/mm/gsl-components/src/components/otp-input/OtpInput.tsx. This could be due to syntax errors or importing non-existent modules. (see errors above) @ http://localhost:3099/@vite/client:881
[    6096ms] [ERROR] Failed to load resource: net::ERR_CONNECTION_REFUSED @ http://localhost:3099/@fs/Users/user/mm/gsl-components/src/components/table/Table.tsx?t=1781754139420:0
[    6096ms] [ERROR] [vite] Failed to reload /@fs/Users/user/mm/gsl-components/src/components/table/Table.tsx. This could be due to syntax errors or importing non-existent modules. (see errors above) @ http://localhost:3099/@vite/client:881
[    6096ms] [ERROR] Failed to load resource: net::ERR_CONNECTION_REFUSED @ http://localhost:3099/@fs/Users/user/mm/gsl-components/src/components/table/TablePagination.tsx?t=1781754139420:0
[    6096ms] [ERROR] [vite] Failed to reload /@fs/Users/user/mm/gsl-components/src/components/table/TablePagination.tsx. This could be due to syntax errors or importing non-existent modules. (see errors above) @ http://localhost:3099/@vite/client:881
[    6096ms] [ERROR] Failed to load resource: net::ERR_CONNECTION_REFUSED @ http://localhost:3099/@fs/Users/user/mm/gsl-components/src/components/table/TableBulkActions.tsx?t=1781754139420:0
[    6096ms] [ERROR] [vite] Failed to reload /@fs/Users/user/mm/gsl-components/src/components/table/TableBulkActions.tsx. This could be due to syntax errors or importing non-existent modules. (see errors above) @ http://localhost:3099/@vite/client:881
[    6096ms] [ERROR] Failed to load resource: net::ERR_CONNECTION_REFUSED @ http://localhost:3099/@fs/Users/user/mm/gsl-components/src/components/field/Field.tsx?t=1781754139420:0
[    6096ms] [ERROR] [vite] Failed to reload /@fs/Users/user/mm/gsl-components/src/components/field/Field.tsx. This could be due to syntax errors or importing non-existent modules. (see errors above) @ http://localhost:3099/@vite/client:881
[    6096ms] [ERROR] Failed to load resource: net::ERR_CONNECTION_REFUSED @ http://localhost:3099/@fs/Users/user/mm/gsl-components/src/components/sortable/Sortable.tsx?t=1781754139420:0
[    6096ms] [ERROR] [vite] Failed to reload /@fs/Users/user/mm/gsl-components/src/components/sortable/Sortable.tsx. This could be due to syntax errors or importing non-existent modules. (see errors above) @ http://localhost:3099/@vite/client:881
[    6097ms] [ERROR] Failed to load resource: net::ERR_CONNECTION_REFUSED @ http://localhost:3099/@fs/Users/user/mm/gsl-components/src/components/progress-bar/ProgressBar.tsx?t=1781754139420:0
[    6097ms] [ERROR] [vite] Failed to reload /@fs/Users/user/mm/gsl-components/src/components/progress-bar/ProgressBar.tsx. This could be due to syntax errors or importing non-existent modules. (see errors above) @ http://localhost:3099/@vite/client:881
[    6097ms] [ERROR] Failed to load resource: net::ERR_CONNECTION_REFUSED @ http://localhost:3099/@fs/Users/user/mm/gsl-components/src/components/table/TableHeader.tsx?t=1781754139420:0
[    6097ms] [ERROR] [vite] Failed to reload /@fs/Users/user/mm/gsl-components/src/components/table/TableHeader.tsx. This could be due to syntax errors or importing non-existent modules. (see errors above) @ http://localhost:3099/@vite/client:881
[    6097ms] [ERROR] Failed to load resource: net::ERR_CONNECTION_REFUSED @ http://localhost:3099/@fs/Users/user/mm/gsl-components/src/components/dropdown/Dropdown.tsx?t=1781754139420:0
[    6097ms] [ERROR] [vite] Failed to reload /@fs/Users/user/mm/gsl-components/src/components/dropdown/Dropdown.tsx. This could be due to syntax errors or importing non-existent modules. (see errors above) @ http://localhost:3099/@vite/client:881
[    6097ms] [ERROR] Failed to load resource: net::ERR_CONNECTION_REFUSED @ http://localhost:3099/@fs/Users/user/mm/gsl-components/src/components/radio-group/RadioGroup.tsx?t=1781754139420:0
[    6097ms] [ERROR] [vite] Failed to reload /@fs/Users/user/mm/gsl-components/src/components/radio-group/RadioGroup.tsx. This could be due to syntax errors or importing non-existent modules. (see errors above) @ http://localhost:3099/@vite/client:881
[    6098ms] [ERROR] Failed to load resource: net::ERR_CONNECTION_REFUSED @ http://localhost:3099/@fs/Users/user/mm/gsl-components/src/components/phone-number-input/PhoneNumberInput.tsx?t=1781754139420:0
[    6098ms] [ERROR] [vite] Failed to reload /@fs/Users/user/mm/gsl-components/src/components/phone-number-input/PhoneNumberInput.tsx. This could be due to syntax errors or importing non-existent modules. (see errors above) @ http://localhost:3099/@vite/client:881
[    6098ms] [ERROR] Failed to load resource: net::ERR_CONNECTION_REFUSED @ http://localhost:3099/@fs/Users/user/mm/gsl-components/src/components/radio-group/Radio.tsx?t=1781754139420:0
[    6098ms] [ERROR] [vite] Failed to reload /@fs/Users/user/mm/gsl-components/src/components/radio-group/Radio.tsx. This could be due to syntax errors or importing non-existent modules. (see errors above) @ http://localhost:3099/@vite/client:881
[    6098ms] [ERROR] Failed to load resource: net::ERR_CONNECTION_REFUSED @ http://localhost:3099/@fs/Users/user/mm/gsl-components/src/components/command/Command.tsx?t=1781754139420:0
[    6098ms] [ERROR] [vite] Failed to reload /@fs/Users/user/mm/gsl-components/src/components/command/Command.tsx. This could be due to syntax errors or importing non-existent modules. (see errors above) @ http://localhost:3099/@vite/client:881
[    6098ms] [ERROR] Failed to load resource: net::ERR_CONNECTION_REFUSED @ http://localhost:3099/@fs/Users/user/mm/gsl-components/src/components/date-range-selector/DateRangeSelector.tsx?t=1781754139420:0
[    6098ms] [ERROR] [vite] Failed to reload /@fs/Users/user/mm/gsl-components/src/components/date-range-selector/DateRangeSelector.tsx. This could be due to syntax errors or importing non-existent modules. (see errors above) @ http://localhost:3099/@vite/client:881
[    6098ms] [ERROR] Failed to load resource: net::ERR_CONNECTION_REFUSED @ http://localhost:3099/@fs/Users/user/mm/gsl-components/src/components/modal/Modal.tsx?t=1781754139420:0
[    6098ms] [ERROR] [vite] Failed to reload /@fs/Users/user/mm/gsl-components/src/components/modal/Modal.tsx. This could be due to syntax errors or importing non-existent modules. (see errors above) @ http://localhost:3099/@vite/client:881
[    6098ms] [ERROR] Failed to load resource: net::ERR_CONNECTION_REFUSED @ http://localhost:3099/@fs/Users/user/mm/gsl-components/src/components/sheet/Sheet.tsx?t=1781754139420:0
[    6099ms] [ERROR] [vite] Failed to reload /@fs/Users/user/mm/gsl-components/src/components/sheet/Sheet.tsx. This could be due to syntax errors or importing non-existent modules. (see errors above) @ http://localhost:3099/@vite/client:881
[    6099ms] [ERROR] Failed to load resource: net::ERR_CONNECTION_REFUSED @ http://localhost:3099/@fs/Users/user/mm/gsl-components/src/components/tabs/Tabs.tsx?t=1781754139420:0
[    6099ms] [ERROR] [vite] Failed to reload /@fs/Users/user/mm/gsl-components/src/components/tabs/Tabs.tsx. This could be due to syntax errors or importing non-existent modules. (see errors above) @ http://localhost:3099/@vite/client:881
[    6099ms] [ERROR] Failed to load resource: net::ERR_CONNECTION_REFUSED @ http://localhost:3099/@fs/Users/user/mm/gsl-components/src/components/sidebar/SidebarContext.tsx?t=1781754139420:0
[    6099ms] [ERROR] [vite] Failed to reload /@fs/Users/user/mm/gsl-components/src/components/sidebar/SidebarContext.tsx. This could be due to syntax errors or importing non-existent modules. (see errors above) @ http://localhost:3099/@vite/client:881
[    6099ms] [ERROR] Failed to load resource: net::ERR_CONNECTION_REFUSED @ http://localhost:3099/@fs/Users/user/mm/gsl-components/src/components/button/Spinner.tsx?t=1781754139420:0
[    6099ms] [ERROR] [vite] Failed to reload /@fs/Users/user/mm/gsl-components/src/components/button/Spinner.tsx. This could be due to syntax errors or importing non-existent modules. (see errors above) @ http://localhost:3099/@vite/client:881
[    6100ms] [LOG] [vite] server connection lost. Polling for restart... @ http://localhost:3099/@vite/client:963
[    6101ms] [ERROR] WebSocket connection to 'ws://localhost:3099/' failed: Error in connection establishment: net::ERR_CONNECTION_REFUSED @ http://localhost:3099/@vite/client:1034
[    7103ms] [ERROR] WebSocket connection to 'ws://localhost:3099/' failed: Error in connection establishment: net::ERR_CONNECTION_REFUSED @ http://localhost:3099/@vite/client:1034
[    8105ms] [ERROR] WebSocket connection to 'ws://localhost:3099/' failed: Error in connection establishment: net::ERR_CONNECTION_REFUSED @ http://localhost:3099/@vite/client:1034
[    9107ms] [ERROR] WebSocket connection to 'ws://localhost:3099/' failed: Error in connection establishment: net::ERR_CONNECTION_REFUSED @ http://localhost:3099/@vite/client:1034
[   10108ms] [ERROR] WebSocket connection to 'ws://localhost:3099/' failed: Error in connection establishment: net::ERR_CONNECTION_REFUSED @ http://localhost:3099/@vite/client:1034
[   11111ms] [ERROR] WebSocket connection to 'ws://localhost:3099/' failed: Error in connection establishment: net::ERR_CONNECTION_REFUSED @ http://localhost:3099/@vite/client:1034
[   12114ms] [ERROR] WebSocket connection to 'ws://localhost:3099/' failed: Error in connection establishment: net::ERR_CONNECTION_REFUSED @ http://localhost:3099/@vite/client:1034
[   13116ms] [ERROR] WebSocket connection to 'ws://localhost:3099/' failed: Error in connection establishment: net::ERR_CONNECTION_REFUSED @ http://localhost:3099/@vite/client:1034
[   14119ms] [ERROR] WebSocket connection to 'ws://localhost:3099/' failed: Error in connection establishment: net::ERR_CONNECTION_REFUSED @ http://localhost:3099/@vite/client:1034
