[     188ms] [INFO] %cDownload the React DevTools for a better development experience: https://react.dev/link/react-devtools font-weight:bold @ http://localhost:3099/@fs/Users/user/mm/gsl-components/node_modules/.vite/deps/react-dom_client.js?v=5043605f:20102
[   48664ms] [LOG] [vite] server connection lost. Polling for restart... @ http://localhost:3099/@vite/client:963
[   48665ms] [ERROR] WebSocket connection to 'ws://localhost:3099/' failed: Error in connection establishment: net::ERR_CONNECTION_REFUSED @ http://localhost:3099/@vite/client:1034
[   49668ms] [ERROR] WebSocket connection to 'ws://localhost:3099/' failed: Error in connection establishment: net::ERR_CONNECTION_REFUSED @ http://localhost:3099/@vite/client:1034
[   50671ms] [ERROR] WebSocket connection to 'ws://localhost:3099/' failed: Error in connection establishment: net::ERR_CONNECTION_REFUSED @ http://localhost:3099/@vite/client:1034
[   51673ms] [ERROR] WebSocket connection to 'ws://localhost:3099/' failed: Error in connection establishment: net::ERR_CONNECTION_REFUSED @ http://localhost:3099/@vite/client:1034
[   52676ms] [ERROR] WebSocket connection to 'ws://localhost:3099/' failed: Error in connection establishment: net::ERR_CONNECTION_REFUSED @ http://localhost:3099/@vite/client:1034
[   53679ms] [ERROR] WebSocket connection to 'ws://localhost:3099/' failed: Error in connection establishment: net::ERR_CONNECTION_REFUSED @ http://localhost:3099/@vite/client:1034
[   54682ms] [ERROR] WebSocket connection to 'ws://localhost:3099/' failed: Error in connection establishment: net::ERR_CONNECTION_REFUSED @ http://localhost:3099/@vite/client:1034
[   55685ms] [ERROR] WebSocket connection to 'ws://localhost:3099/' failed: Error in connection establishment: net::ERR_CONNECTION_REFUSED @ http://localhost:3099/@vite/client:1034
[   56688ms] [ERROR] WebSocket connection to 'ws://localhost:3099/' failed: Error in connection establishment: net::ERR_CONNECTION_REFUSED @ http://localhost:3099/@vite/client:1034
[   57692ms] [ERROR] WebSocket connection to 'ws://localhost:3099/' failed: Error in connection establishment: net::ERR_CONNECTION_REFUSED @ http://localhost:3099/@vite/client:1034
[   58698ms] [ERROR] WebSocket connection to 'ws://localhost:3099/' failed: Error in connection establishment: net::ERR_CONNECTION_REFUSED @ http://localhost:3099/@vite/client:1034
[   59707ms] [ERROR] WebSocket connection to 'ws://localhost:3099/' failed: Error in connection establishment: net::ERR_CONNECTION_REFUSED @ http://localhost:3099/@vite/client:1034
[   60713ms] [ERROR] WebSocket connection to 'ws://localhost:3099/' failed: Error in connection establishment: net::ERR_CONNECTION_REFUSED @ http://localhost:3099/@vite/client:1034
[   61724ms] [ERROR] WebSocket connection to 'ws://localhost:3099/' failed: Error in connection establishment: net::ERR_CONNECTION_REFUSED @ http://localhost:3099/@vite/client:1034
[   62744ms] [ERROR] WebSocket connection to 'ws://localhost:3099/' failed: Error in connection establishment: net::ERR_CONNECTION_REFUSED @ http://localhost:3099/@vite/client:1034
[   63761ms] [ERROR] WebSocket connection to 'ws://localhost:3099/' failed: Error in connection establishment: net::ERR_CONNECTION_REFUSED @ http://localhost:3099/@vite/client:1034
[   64784ms] [ERROR] WebSocket connection to 'ws://localhost:3099/' failed: Error in connection establishment: net::ERR_CONNECTION_REFUSED @ http://localhost:3099/@vite/client:1034
[   65827ms] [ERROR] WebSocket connection to 'ws://localhost:3099/' failed: Error in connection establishment: net::ERR_CONNECTION_REFUSED @ http://localhost:3099/@vite/client:1034
[   66858ms] [ERROR] WebSocket connection to 'ws://localhost:3099/' failed: Error in connection establishment: net::ERR_CONNECTION_REFUSED @ http://localhost:3099/@vite/client:1034
[   67894ms] [ERROR] WebSocket connection to 'ws://localhost:3099/' failed: Error in connection establishment: net::ERR_CONNECTION_REFUSED @ http://localhost:3099/@vite/client:1034
[   68985ms] [ERROR] WebSocket connection to 'ws://localhost:3099/' failed: Error in connection establishment: net::ERR_CONNECTION_REFUSED @ http://localhost:3099/@vite/client:1034
[   70128ms] [ERROR] WebSocket connection to 'ws://localhost:3099/' failed: Error in connection establishment: net::ERR_CONNECTION_REFUSED @ http://localhost:3099/@vite/client:1034
[   71251ms] [ERROR] WebSocket connection to 'ws://localhost:3099/' failed: Error in connection establishment: net::ERR_CONNECTION_REFUSED @ http://localhost:3099/@vite/client:1034
[   72480ms] [ERROR] WebSocket connection to 'ws://localhost:3099/' failed: Error in connection establishment: net::ERR_CONNECTION_REFUSED @ http://localhost:3099/@vite/client:1034
[   73773ms] [ERROR] WebSocket connection to 'ws://localhost:3099/' failed: Error in connection establishment: net::ERR_CONNECTION_REFUSED @ http://localhost:3099/@vite/client:1034
[   75006ms] [ERROR] WebSocket connection to 'ws://localhost:3099/' failed: Error in connection establishment: net::ERR_CONNECTION_REFUSED @ http://localhost:3099/@vite/client:1034
[   76773ms] [ERROR] WebSocket connection to 'ws://localhost:3099/' failed: Error in connection establishment: net::ERR_CONNECTION_REFUSED @ http://localhost:3099/@vite/client:1034
[   78869ms] [ERROR] WebSocket connection to 'ws://localhost:3099/' failed: Error in connection establishment: net::ERR_CONNECTION_REFUSED @ http://localhost:3099/@vite/client:1034
[   80517ms] [ERROR] WebSocket connection to 'ws://localhost:3099/' failed: Error in connection establishment: net::ERR_CONNECTION_REFUSED @ http://localhost:3099/@vite/client:1034
[   82319ms] [ERROR] WebSocket connection to 'ws://localhost:3099/' failed: Error in connection establishment: net::ERR_CONNECTION_REFUSED @ http://localhost:3099/@vite/client:1034
[   87027ms] [ERROR] WebSocket connection to 'ws://localhost:3099/' failed: Error in connection establishment: net::ERR_CONNECTION_REFUSED @ http://localhost:3099/@vite/client:1034
[   90966ms] [ERROR] WebSocket connection to 'ws://localhost:3099/' failed: Error in connection establishment: net::ERR_CONNECTION_REFUSED @ http://localhost:3099/@vite/client:1034
[   93323ms] [ERROR] WebSocket connection to 'ws://localhost:3099/' failed: Error in connection establishment: net::ERR_CONNECTION_REFUSED @ http://localhost:3099/@vite/client:1034
[   97068ms] [ERROR] WebSocket connection to 'ws://localhost:3099/' failed: Error in connection establishment: net::ERR_CONNECTION_REFUSED @ http://localhost:3099/@vite/client:1034
[  101264ms] [ERROR] WebSocket connection to 'ws://localhost:3099/' failed: Error in connection establishment: net::ERR_CONNECTION_REFUSED @ http://localhost:3099/@vite/client:1034
[  106901ms] [ERROR] WebSocket connection to 'ws://localhost:3099/' failed: Error in connection establishment: net::ERR_CONNECTION_REFUSED @ http://localhost:3099/@vite/client:1034
[  112885ms] [ERROR] WebSocket connection to 'ws://localhost:3099/' failed: Error in connection establishment: net::ERR_CONNECTION_REFUSED @ http://localhost:3099/@vite/client:1034
[  118768ms] [ERROR] WebSocket connection to 'ws://localhost:3099/' failed: Error in connection establishment: net::ERR_CONNECTION_REFUSED @ http://localhost:3099/@vite/client:1034
[  121077ms] [ERROR] WebSocket connection to 'ws://localhost:3099/' failed: Error in connection establishment: net::ERR_CONNECTION_REFUSED @ http://localhost:3099/@vite/client:1034
[  124644ms] [ERROR] WebSocket connection to 'ws://localhost:3099/' failed: Error in connection establishment: net::ERR_CONNECTION_REFUSED @ http://localhost:3099/@vite/client:1034
[  129624ms] [ERROR] WebSocket connection to 'ws://localhost:3099/' failed: Error in connection establishment: net::ERR_CONNECTION_REFUSED @ http://localhost:3099/@vite/client:1034
[  131656ms] [ERROR] WebSocket connection to 'ws://localhost:3099/' failed: Error in connection establishment: net::ERR_CONNECTION_REFUSED @ http://localhost:3099/@vite/client:1034
[  135534ms] [ERROR] WebSocket connection to 'ws://localhost:3099/' failed: Error in connection establishment: net::ERR_CONNECTION_REFUSED @ http://localhost:3099/@vite/client:1034
[  139639ms] [ERROR] WebSocket connection to 'ws://localhost:3099/' failed: Error in connection establishment: net::ERR_CONNECTION_REFUSED @ http://localhost:3099/@vite/client:1034
[  141841ms] [ERROR] WebSocket connection to 'ws://localhost:3099/' failed: Error in connection establishment: net::ERR_CONNECTION_REFUSED @ http://localhost:3099/@vite/client:1034
[  145708ms] [ERROR] WebSocket connection to 'ws://localhost:3099/' failed: Error in connection establishment: net::ERR_CONNECTION_REFUSED @ http://localhost:3099/@vite/client:1034
[  148177ms] [ERROR] WebSocket connection to 'ws://localhost:3099/' failed: Error in connection establishment: net::ERR_CONNECTION_REFUSED @ http://localhost:3099/@vite/client:1034
[  152967ms] [ERROR] WebSocket connection to 'ws://localhost:3099/' failed: Error in connection establishment: net::ERR_CONNECTION_REFUSED @ http://localhost:3099/@vite/client:1034
[  155932ms] [ERROR] WebSocket connection to 'ws://localhost:3099/' failed: Error in connection establishment: net::ERR_CONNECTION_REFUSED @ http://localhost:3099/@vite/client:1034
[  159767ms] [ERROR] WebSocket connection to 'ws://localhost:3099/' failed: Error in connection establishment: net::ERR_CONNECTION_REFUSED @ http://localhost:3099/@vite/client:1034
[  164250ms] [ERROR] WebSocket connection to 'ws://localhost:3099/' failed: Error in connection establishment: net::ERR_CONNECTION_REFUSED @ http://localhost:3099/@vite/client:1034
[  166453ms] [ERROR] WebSocket connection to 'ws://localhost:3099/' failed: Error in connection establishment: net::ERR_CONNECTION_REFUSED @ http://localhost:3099/@vite/client:1034
[  171528ms] [ERROR] WebSocket connection to 'ws://localhost:3099/' failed: Error in connection establishment: net::ERR_CONNECTION_REFUSED @ http://localhost:3099/@vite/client:1034
[  176479ms] [ERROR] WebSocket connection to 'ws://localhost:3099/' failed: Error in connection establishment: net::ERR_CONNECTION_REFUSED @ http://localhost:3099/@vite/client:1034
[  179994ms] [ERROR] WebSocket connection to 'ws://localhost:3099/' failed: Error in connection establishment: net::ERR_CONNECTION_REFUSED @ http://localhost:3099/@vite/client:1034
[  184888ms] [ERROR] WebSocket connection to 'ws://localhost:3099/' failed: Error in connection establishment: net::ERR_CONNECTION_REFUSED @ http://localhost:3099/@vite/client:1034
[  189093ms] [ERROR] WebSocket connection to 'ws://localhost:3099/' failed: Error in connection establishment: net::ERR_CONNECTION_REFUSED @ http://localhost:3099/@vite/client:1034
[  191991ms] [ERROR] WebSocket connection to 'ws://localhost:3099/' failed: Error in connection establishment: net::ERR_CONNECTION_REFUSED @ http://localhost:3099/@vite/client:1034
[  197987ms] [ERROR] WebSocket connection to 'ws://localhost:3099/' failed: Error in connection establishment: net::ERR_CONNECTION_REFUSED @ http://localhost:3099/@vite/client:1034
[  200671ms] [ERROR] WebSocket connection to 'ws://localhost:3099/' failed: Error in connection establishment: net::ERR_CONNECTION_REFUSED @ http://localhost:3099/@vite/client:1034
[  204861ms] [ERROR] WebSocket connection to 'ws://localhost:3099/' failed: Error in connection establishment: net::ERR_CONNECTION_REFUSED @ http://localhost:3099/@vite/client:1034
[  209509ms] [ERROR] WebSocket connection to 'ws://localhost:3099/' failed: Error in connection establishment: net::ERR_CONNECTION_REFUSED @ http://localhost:3099/@vite/client:1034
[  212036ms] [ERROR] WebSocket connection to 'ws://localhost:3099/' failed: Error in connection establishment: net::ERR_CONNECTION_REFUSED @ http://localhost:3099/@vite/client:1034
[  214166ms] [ERROR] WebSocket connection to 'ws://localhost:3099/' failed: Error in connection establishment: net::ERR_CONNECTION_REFUSED @ http://localhost:3099/@vite/client:1034
[  216406ms] [ERROR] WebSocket connection to 'ws://localhost:3099/' failed: Error in connection establishment: net::ERR_CONNECTION_REFUSED @ http://localhost:3099/@vite/client:1034
[  218561ms] [ERROR] WebSocket connection to 'ws://localhost:3099/' failed: Error in connection establishment: net::ERR_CONNECTION_REFUSED @ http://localhost:3099/@vite/client:1034
[  222596ms] [ERROR] WebSocket connection to 'ws://localhost:3099/' failed: Error in connection establishment: net::ERR_CONNECTION_REFUSED @ http://localhost:3099/@vite/client:1034
[  226067ms] [ERROR] WebSocket connection to 'ws://localhost:3099/' failed: Error in connection establishment: net::ERR_CONNECTION_REFUSED @ http://localhost:3099/@vite/client:1034
[  228398ms] [ERROR] WebSocket connection to 'ws://localhost:3099/' failed: Error in connection establishment: net::ERR_CONNECTION_REFUSED @ http://localhost:3099/@vite/client:1034
[  232010ms] [ERROR] WebSocket connection to 'ws://localhost:3099/' failed: Error in connection establishment: net::ERR_CONNECTION_REFUSED @ http://localhost:3099/@vite/client:1034
[  237101ms] [ERROR] WebSocket connection to 'ws://localhost:3099/' failed: Error in connection establishment: net::ERR_CONNECTION_REFUSED @ http://localhost:3099/@vite/client:1034
[  243821ms] [INFO] %cDownload the React DevTools for a better development experience: https://react.dev/link/react-devtools font-weight:bold @ http://localhost:3099/@fs/Users/user/mm/gsl-components/node_modules/.vite/deps/react-dom_client.js?v=c27fdd70:20102
[  245275ms] [INFO] %cDownload the React DevTools for a better development experience: https://react.dev/link/react-devtools font-weight:bold @ http://localhost:3099/@fs/Users/user/mm/gsl-components/node_modules/.vite/deps/react-dom_client.js?v=5043605f:20102
[  268690ms] [ERROR] Failed to load resource: net::ERR_CONNECTION_RESET @ http://localhost:3099/@fs/Users/user/mm/gsl-components/src/components/table/styles/table.css?t=1781754432313:0
[  268691ms] [ERROR] [vite] Failed to reload /@fs/Users/user/mm/gsl-components/src/components/table/styles/table.css. This could be due to syntax errors or importing non-existent modules. (see errors above) @ http://localhost:3099/@vite/client:881
[  268691ms] [LOG] [vite] server connection lost. Polling for restart... @ http://localhost:3099/@vite/client:963
[  269876ms] [ERROR] WebSocket connection to 'ws://localhost:3099/' failed: Error in connection establishment: net::ERR_CONNECTION_REFUSED @ http://localhost:3099/@vite/client:1034
[  273365ms] [ERROR] WebSocket connection to 'ws://localhost:3099/' failed: Error in connection establishment: net::ERR_CONNECTION_REFUSED @ http://localhost:3099/@vite/client:1034
[  275500ms] [ERROR] WebSocket connection to 'ws://localhost:3099/' failed: Error in connection establishment: net::ERR_CONNECTION_REFUSED @ http://localhost:3099/@vite/client:1034
[  277542ms] [ERROR] WebSocket connection to 'ws://localhost:3099/' failed: Error in connection establishment: net::ERR_CONNECTION_REFUSED @ http://localhost:3099/@vite/client:1034
[  281131ms] [ERROR] WebSocket connection to 'ws://localhost:3099/' failed: Error in connection establishment: net::ERR_CONNECTION_REFUSED @ http://localhost:3099/@vite/client:1034
[  284423ms] [ERROR] WebSocket connection to 'ws://localhost:3099/' failed: Error in connection establishment: net::ERR_CONNECTION_REFUSED @ http://localhost:3099/@vite/client:1034
[  286713ms] [ERROR] WebSocket connection to 'ws://localhost:3099/' failed: Error in connection establishment: net::ERR_CONNECTION_REFUSED @ http://localhost:3099/@vite/client:1034
[  292031ms] [ERROR] WebSocket connection to 'ws://localhost:3099/' failed: Error in connection establishment: net::ERR_CONNECTION_REFUSED @ http://localhost:3099/@vite/client:1034
[  295052ms] [ERROR] WebSocket connection to 'ws://localhost:3099/' failed: Error in connection establishment: net::ERR_CONNECTION_REFUSED @ http://localhost:3099/@vite/client:1034
[  297720ms] [ERROR] WebSocket connection to 'ws://localhost:3099/' failed: Error in connection establishment: net::ERR_CONNECTION_REFUSED @ http://localhost:3099/@vite/client:1034
[  301391ms] [ERROR] WebSocket connection to 'ws://localhost:3099/' failed: Error in connection establishment: net::ERR_CONNECTION_REFUSED @ http://localhost:3099/@vite/client:1034
[  306202ms] [ERROR] WebSocket connection to 'ws://localhost:3099/' failed: Error in connection establishment: net::ERR_CONNECTION_REFUSED @ http://localhost:3099/@vite/client:1034
[  307210ms] [ERROR] WebSocket connection to 'ws://localhost:3099/' failed: Error in connection establishment: net::ERR_CONNECTION_REFUSED @ http://localhost:3099/@vite/client:1034
[  308225ms] [ERROR] WebSocket connection to 'ws://localhost:3099/' failed: Error in connection establishment: net::ERR_CONNECTION_REFUSED @ http://localhost:3099/@vite/client:1034
[  309250ms] [ERROR] WebSocket connection to 'ws://localhost:3099/' failed: Error in connection establishment: net::ERR_CONNECTION_REFUSED @ http://localhost:3099/@vite/client:1034
[  310273ms] [ERROR] WebSocket connection to 'ws://localhost:3099/' failed: Error in connection establishment: net::ERR_CONNECTION_REFUSED @ http://localhost:3099/@vite/client:1034
[  311304ms] [ERROR] WebSocket connection to 'ws://localhost:3099/' failed: Error in connection establishment: net::ERR_CONNECTION_REFUSED @ http://localhost:3099/@vite/client:1034
[  312323ms] [ERROR] WebSocket connection to 'ws://localhost:3099/' failed: Error in connection establishment: net::ERR_CONNECTION_REFUSED @ http://localhost:3099/@vite/client:1034
[  313351ms] [ERROR] WebSocket connection to 'ws://localhost:3099/' failed: Error in connection establishment: net::ERR_CONNECTION_REFUSED @ http://localhost:3099/@vite/client:1034
[  314365ms] [ERROR] WebSocket connection to 'ws://localhost:3099/' failed: Error in connection establishment: net::ERR_CONNECTION_REFUSED @ http://localhost:3099/@vite/client:1034
[  315424ms] [ERROR] WebSocket connection to 'ws://localhost:3099/' failed: Error in connection establishment: net::ERR_CONNECTION_REFUSED @ http://localhost:3099/@vite/client:1034
[  316491ms] [ERROR] WebSocket connection to 'ws://localhost:3099/' failed: Error in connection establishment: net::ERR_CONNECTION_REFUSED @ http://localhost:3099/@vite/client:1034
[  317550ms] [ERROR] WebSocket connection to 'ws://localhost:3099/' failed: Error in connection establishment: net::ERR_CONNECTION_REFUSED @ http://localhost:3099/@vite/client:1034
[  318574ms] [ERROR] WebSocket connection to 'ws://localhost:3099/' failed: Error in connection establishment: net::ERR_CONNECTION_REFUSED @ http://localhost:3099/@vite/client:1034
[  319665ms] [ERROR] WebSocket connection to 'ws://localhost:3099/' failed: Error in connection establishment: net::ERR_CONNECTION_REFUSED @ http://localhost:3099/@vite/client:1034
[  320773ms] [ERROR] WebSocket connection to 'ws://localhost:3099/' failed: Error in connection establishment: net::ERR_CONNECTION_REFUSED @ http://localhost:3099/@vite/client:1034
[  321926ms] [ERROR] WebSocket connection to 'ws://localhost:3099/' failed: Error in connection establishment: net::ERR_CONNECTION_REFUSED @ http://localhost:3099/@vite/client:1034
[  323006ms] [ERROR] WebSocket connection to 'ws://localhost:3099/' failed: Error in connection establishment: net::ERR_CONNECTION_REFUSED @ http://localhost:3099/@vite/client:1034
[  324103ms] [ERROR] WebSocket connection to 'ws://localhost:3099/' failed: Error in connection establishment: net::ERR_CONNECTION_REFUSED @ http://localhost:3099/@vite/client:1034
[  325223ms] [ERROR] WebSocket connection to 'ws://localhost:3099/' failed: Error in connection establishment: net::ERR_CONNECTION_REFUSED @ http://localhost:3099/@vite/client:1034
[  326360ms] [ERROR] WebSocket connection to 'ws://localhost:3099/' failed: Error in connection establishment: net::ERR_CONNECTION_REFUSED @ http://localhost:3099/@vite/client:1034
[  327562ms] [ERROR] WebSocket connection to 'ws://localhost:3099/' failed: Error in connection establishment: net::ERR_CONNECTION_REFUSED @ http://localhost:3099/@vite/client:1034
[  328912ms] [ERROR] WebSocket connection to 'ws://localhost:3099/' failed: Error in connection establishment: net::ERR_CONNECTION_REFUSED @ http://localhost:3099/@vite/client:1034
[  330415ms] [ERROR] WebSocket connection to 'ws://localhost:3099/' failed: Error in connection establishment: net::ERR_CONNECTION_REFUSED @ http://localhost:3099/@vite/client:1034
[  331991ms] [ERROR] WebSocket connection to 'ws://localhost:3099/' failed: Error in connection establishment: net::ERR_CONNECTION_REFUSED @ http://localhost:3099/@vite/client:1034
[  333135ms] [ERROR] WebSocket connection to 'ws://localhost:3099/' failed: Error in connection establishment: net::ERR_CONNECTION_REFUSED @ http://localhost:3099/@vite/client:1034
[  334626ms] [ERROR] WebSocket connection to 'ws://localhost:3099/' failed: Error in connection establishment: net::ERR_CONNECTION_REFUSED @ http://localhost:3099/@vite/client:1034
[  335945ms] [ERROR] WebSocket connection to 'ws://localhost:3099/' failed: Error in connection establishment: net::ERR_CONNECTION_REFUSED @ http://localhost:3099/@vite/client:1034
[  337311ms] [ERROR] WebSocket connection to 'ws://localhost:3099/' failed: Error in connection establishment: net::ERR_CONNECTION_REFUSED @ http://localhost:3099/@vite/client:1034
[  339436ms] [ERROR] WebSocket connection to 'ws://localhost:3099/' failed: Error in connection establishment: net::ERR_CONNECTION_REFUSED @ http://localhost:3099/@vite/client:1034
[  342535ms] [ERROR] WebSocket connection to 'ws://localhost:3099/' failed: Error in connection establishment: net::ERR_CONNECTION_REFUSED @ http://localhost:3099/@vite/client:1034
[  345142ms] [ERROR] WebSocket connection to 'ws://localhost:3099/' failed: Error in connection establishment: net::ERR_CONNECTION_REFUSED @ http://localhost:3099/@vite/client:1034
[  348115ms] [ERROR] WebSocket connection to 'ws://localhost:3099/' failed: Error in connection establishment: net::ERR_CONNECTION_REFUSED @ http://localhost:3099/@vite/client:1034
[  350271ms] [ERROR] WebSocket connection to 'ws://localhost:3099/' failed: Error in connection establishment: net::ERR_CONNECTION_REFUSED @ http://localhost:3099/@vite/client:1034
[  352775ms] [ERROR] WebSocket connection to 'ws://localhost:3099/' failed: Error in connection establishment: net::ERR_CONNECTION_REFUSED @ http://localhost:3099/@vite/client:1034
[  358116ms] [ERROR] WebSocket connection to 'ws://localhost:3099/' failed: Error in connection establishment: net::ERR_CONNECTION_REFUSED @ http://localhost:3099/@vite/client:1034
[  361022ms] [ERROR] WebSocket connection to 'ws://localhost:3099/' failed: Error in connection establishment: net::ERR_CONNECTION_REFUSED @ http://localhost:3099/@vite/client:1034
[  363999ms] [ERROR] WebSocket connection to 'ws://localhost:3099/' failed: Error in connection establishment: net::ERR_CONNECTION_REFUSED @ http://localhost:3099/@vite/client:1034
[  368469ms] [ERROR] WebSocket connection to 'ws://localhost:3099/' failed: Error in connection establishment: net::ERR_CONNECTION_REFUSED @ http://localhost:3099/@vite/client:1034
[  373045ms] [ERROR] WebSocket connection to 'ws://localhost:3099/' failed: Error in connection establishment: net::ERR_CONNECTION_REFUSED @ http://localhost:3099/@vite/client:1034
[  377545ms] [ERROR] WebSocket connection to 'ws://localhost:3099/' failed: Error in connection establishment: net::ERR_CONNECTION_REFUSED @ http://localhost:3099/@vite/client:1034
[  381260ms] [ERROR] WebSocket connection to 'ws://localhost:3099/' failed: Error in connection establishment: net::ERR_CONNECTION_REFUSED @ http://localhost:3099/@vite/client:1034
[  386635ms] [ERROR] WebSocket connection to 'ws://localhost:3099/' failed: Error in connection establishment: net::ERR_CONNECTION_REFUSED @ http://localhost:3099/@vite/client:1034
[  389583ms] [ERROR] WebSocket connection to 'ws://localhost:3099/' failed: Error in connection establishment: net::ERR_CONNECTION_REFUSED @ http://localhost:3099/@vite/client:1034
[  392295ms] [ERROR] WebSocket connection to 'ws://localhost:3099/' failed: Error in connection establishment: net::ERR_CONNECTION_REFUSED @ http://localhost:3099/@vite/client:1034
[  395615ms] [ERROR] WebSocket connection to 'ws://localhost:3099/' failed: Error in connection establishment: net::ERR_CONNECTION_REFUSED @ http://localhost:3099/@vite/client:1034
[  400600ms] [ERROR] WebSocket connection to 'ws://localhost:3099/' failed: Error in connection establishment: net::ERR_CONNECTION_REFUSED @ http://localhost:3099/@vite/client:1034
[  403510ms] [ERROR] WebSocket connection to 'ws://localhost:3099/' failed: Error in connection establishment: net::ERR_CONNECTION_REFUSED @ http://localhost:3099/@vite/client:1034
[  407565ms] [ERROR] WebSocket connection to 'ws://localhost:3099/' failed: Error in connection establishment: net::ERR_CONNECTION_REFUSED @ http://localhost:3099/@vite/client:1034
[  409692ms] [ERROR] WebSocket connection to 'ws://localhost:3099/' failed: Error in connection establishment: net::ERR_CONNECTION_REFUSED @ http://localhost:3099/@vite/client:1034
[  414765ms] [ERROR] WebSocket connection to 'ws://localhost:3099/' failed: Error in connection establishment: net::ERR_CONNECTION_REFUSED @ http://localhost:3099/@vite/client:1034
[  419280ms] [ERROR] WebSocket connection to 'ws://localhost:3099/' failed: Error in connection establishment: net::ERR_CONNECTION_REFUSED @ http://localhost:3099/@vite/client:1034
[  422280ms] [ERROR] WebSocket connection to 'ws://localhost:3099/' failed: Error in connection establishment: net::ERR_CONNECTION_REFUSED @ http://localhost:3099/@vite/client:1034
[  423282ms] [ERROR] WebSocket connection to 'ws://localhost:3099/' failed: Error in connection establishment: net::ERR_CONNECTION_REFUSED @ http://localhost:3099/@vite/client:1034
[  424284ms] [ERROR] WebSocket connection to 'ws://localhost:3099/' failed: Error in connection establishment: net::ERR_CONNECTION_REFUSED @ http://localhost:3099/@vite/client:1034
[  425286ms] [ERROR] WebSocket connection to 'ws://localhost:3099/' failed: Error in connection establishment: net::ERR_CONNECTION_REFUSED @ http://localhost:3099/@vite/client:1034
[  426289ms] [ERROR] WebSocket connection to 'ws://localhost:3099/' failed: Error in connection establishment: net::ERR_CONNECTION_REFUSED @ http://localhost:3099/@vite/client:1034
[  427294ms] [ERROR] WebSocket connection to 'ws://localhost:3099/' failed: Error in connection establishment: net::ERR_CONNECTION_REFUSED @ http://localhost:3099/@vite/client:1034
[  428298ms] [ERROR] WebSocket connection to 'ws://localhost:3099/' failed: Error in connection establishment: net::ERR_CONNECTION_REFUSED @ http://localhost:3099/@vite/client:1034
[  429304ms] [ERROR] WebSocket connection to 'ws://localhost:3099/' failed: Error in connection establishment: net::ERR_CONNECTION_REFUSED @ http://localhost:3099/@vite/client:1034
[  430318ms] [ERROR] WebSocket connection to 'ws://localhost:3099/' failed: Error in connection establishment: net::ERR_CONNECTION_REFUSED @ http://localhost:3099/@vite/client:1034
[  431335ms] [ERROR] WebSocket connection to 'ws://localhost:3099/' failed: Error in connection establishment: net::ERR_CONNECTION_REFUSED @ http://localhost:3099/@vite/client:1034
[  432368ms] [ERROR] WebSocket connection to 'ws://localhost:3099/' failed: Error in connection establishment: net::ERR_CONNECTION_REFUSED @ http://localhost:3099/@vite/client:1034
[  433410ms] [ERROR] WebSocket connection to 'ws://localhost:3099/' failed: Error in connection establishment: net::ERR_CONNECTION_REFUSED @ http://localhost:3099/@vite/client:1034
[  434510ms] [ERROR] WebSocket connection to 'ws://localhost:3099/' failed: Error in connection establishment: net::ERR_CONNECTION_REFUSED @ http://localhost:3099/@vite/client:1034
[  436094ms] [ERROR] WebSocket connection to 'ws://localhost:3099/' failed: Error in connection establishment: net::ERR_CONNECTION_REFUSED @ http://localhost:3099/@vite/client:1034
[  438085ms] [ERROR] WebSocket connection to 'ws://localhost:3099/' failed: Error in connection establishment: net::ERR_CONNECTION_REFUSED @ http://localhost:3099/@vite/client:1034
[  441425ms] [ERROR] WebSocket connection to 'ws://localhost:3099/' failed: Error in connection establishment: net::ERR_CONNECTION_REFUSED @ http://localhost:3099/@vite/client:1034
[  446052ms] [ERROR] WebSocket connection to 'ws://localhost:3099/' failed: Error in connection establishment: net::ERR_CONNECTION_REFUSED @ http://localhost:3099/@vite/client:1034
[  451515ms] [ERROR] WebSocket connection to 'ws://localhost:3099/' failed: Error in connection establishment: net::ERR_CONNECTION_REFUSED @ http://localhost:3099/@vite/client:1034
[  456090ms] [ERROR] WebSocket connection to 'ws://localhost:3099/' failed: Error in connection establishment: net::ERR_CONNECTION_REFUSED @ http://localhost:3099/@vite/client:1034
[  461064ms] [ERROR] WebSocket connection to 'ws://localhost:3099/' failed: Error in connection establishment: net::ERR_CONNECTION_REFUSED @ http://localhost:3099/@vite/client:1034
[  463240ms] [ERROR] WebSocket connection to 'ws://localhost:3099/' failed: Error in connection establishment: net::ERR_CONNECTION_REFUSED @ http://localhost:3099/@vite/client:1034
[  466905ms] [ERROR] WebSocket connection to 'ws://localhost:3099/' failed: Error in connection establishment: net::ERR_CONNECTION_REFUSED @ http://localhost:3099/@vite/client:1034
[  470158ms] [ERROR] WebSocket connection to 'ws://localhost:3099/' failed: Error in connection establishment: net::ERR_CONNECTION_REFUSED @ http://localhost:3099/@vite/client:1034
[  473123ms] [ERROR] WebSocket connection to 'ws://localhost:3099/' failed: Error in connection establishment: net::ERR_CONNECTION_REFUSED @ http://localhost:3099/@vite/client:1034
[  477245ms] [ERROR] WebSocket connection to 'ws://localhost:3099/' failed: Error in connection establishment: net::ERR_CONNECTION_REFUSED @ http://localhost:3099/@vite/client:1034
[  480484ms] [ERROR] WebSocket connection to 'ws://localhost:3099/' failed: Error in connection establishment: net::ERR_CONNECTION_REFUSED @ http://localhost:3099/@vite/client:1034
[  484840ms] [ERROR] WebSocket connection to 'ws://localhost:3099/' failed: Error in connection establishment: net::ERR_CONNECTION_REFUSED @ http://localhost:3099/@vite/client:1034
[  489354ms] [ERROR] WebSocket connection to 'ws://localhost:3099/' failed: Error in connection establishment: net::ERR_CONNECTION_REFUSED @ http://localhost:3099/@vite/client:1034
[  492495ms] [ERROR] WebSocket connection to 'ws://localhost:3099/' failed: Error in connection establishment: net::ERR_CONNECTION_REFUSED @ http://localhost:3099/@vite/client:1034
[  495777ms] [ERROR] WebSocket connection to 'ws://localhost:3099/' failed: Error in connection establishment: net::ERR_CONNECTION_REFUSED @ http://localhost:3099/@vite/client:1034
[  498872ms] [ERROR] WebSocket connection to 'ws://localhost:3099/' failed: Error in connection establishment: net::ERR_CONNECTION_REFUSED @ http://localhost:3099/@vite/client:1034
[  503499ms] [ERROR] WebSocket connection to 'ws://localhost:3099/' failed: Error in connection establishment: net::ERR_CONNECTION_REFUSED @ http://localhost:3099/@vite/client:1034
[  509400ms] [ERROR] WebSocket connection to 'ws://localhost:3099/' failed: Error in connection establishment: net::ERR_CONNECTION_REFUSED @ http://localhost:3099/@vite/client:1034
[  513619ms] [ERROR] WebSocket connection to 'ws://localhost:3099/' failed: Error in connection establishment: net::ERR_CONNECTION_REFUSED @ http://localhost:3099/@vite/client:1034
[  518575ms] [ERROR] WebSocket connection to 'ws://localhost:3099/' failed: Error in connection establishment: net::ERR_CONNECTION_REFUSED @ http://localhost:3099/@vite/client:1034
[  521764ms] [ERROR] WebSocket connection to 'ws://localhost:3099/' failed: Error in connection establishment: net::ERR_CONNECTION_REFUSED @ http://localhost:3099/@vite/client:1034
[  527256ms] [ERROR] WebSocket connection to 'ws://localhost:3099/' failed: Error in connection establishment: net::ERR_CONNECTION_REFUSED @ http://localhost:3099/@vite/client:1034
[  533227ms] [ERROR] WebSocket connection to 'ws://localhost:3099/' failed: Error in connection establishment: net::ERR_CONNECTION_REFUSED @ http://localhost:3099/@vite/client:1034
[  537676ms] [ERROR] WebSocket connection to 'ws://localhost:3099/' failed: Error in connection establishment: net::ERR_CONNECTION_REFUSED @ http://localhost:3099/@vite/client:1034
[  543635ms] [ERROR] WebSocket connection to 'ws://localhost:3099/' failed: Error in connection establishment: net::ERR_CONNECTION_REFUSED @ http://localhost:3099/@vite/client:1034
[  548306ms] [ERROR] WebSocket connection to 'ws://localhost:3099/' failed: Error in connection establishment: net::ERR_CONNECTION_REFUSED @ http://localhost:3099/@vite/client:1034
[  552759ms] [ERROR] WebSocket connection to 'ws://localhost:3099/' failed: Error in connection establishment: net::ERR_CONNECTION_REFUSED @ http://localhost:3099/@vite/client:1034
[  556377ms] [ERROR] WebSocket connection to 'ws://localhost:3099/' failed: Error in connection establishment: net::ERR_CONNECTION_REFUSED @ http://localhost:3099/@vite/client:1034
[  560884ms] [ERROR] WebSocket connection to 'ws://localhost:3099/' failed: Error in connection establishment: net::ERR_CONNECTION_REFUSED @ http://localhost:3099/@vite/client:1034
[  563639ms] [ERROR] WebSocket connection to 'ws://localhost:3099/' failed: Error in connection establishment: net::ERR_CONNECTION_REFUSED @ http://localhost:3099/@vite/client:1034
[  568321ms] [ERROR] WebSocket connection to 'ws://localhost:3099/' failed: Error in connection establishment: net::ERR_CONNECTION_REFUSED @ http://localhost:3099/@vite/client:1034
[  574279ms] [ERROR] WebSocket connection to 'ws://localhost:3099/' failed: Error in connection establishment: net::ERR_CONNECTION_REFUSED @ http://localhost:3099/@vite/client:1034
[  580171ms] [ERROR] WebSocket connection to 'ws://localhost:3099/' failed: Error in connection establishment: net::ERR_CONNECTION_REFUSED @ http://localhost:3099/@vite/client:1034
[  582225ms] [ERROR] WebSocket connection to 'ws://localhost:3099/' failed: Error in connection establishment: net::ERR_CONNECTION_REFUSED @ http://localhost:3099/@vite/client:1034
[  587935ms] [ERROR] WebSocket connection to 'ws://localhost:3099/' failed: Error in connection establishment: net::ERR_CONNECTION_REFUSED @ http://localhost:3099/@vite/client:1034
[  590885ms] [ERROR] WebSocket connection to 'ws://localhost:3099/' failed: Error in connection establishment: net::ERR_CONNECTION_REFUSED @ http://localhost:3099/@vite/client:1034
[  596476ms] [ERROR] WebSocket connection to 'ws://localhost:3099/' failed: Error in connection establishment: net::ERR_CONNECTION_REFUSED @ http://localhost:3099/@vite/client:1034
[  601040ms] [ERROR] WebSocket connection to 'ws://localhost:3099/' failed: Error in connection establishment: net::ERR_CONNECTION_REFUSED @ http://localhost:3099/@vite/client:1034
[  603070ms] [ERROR] WebSocket connection to 'ws://localhost:3099/' failed: Error in connection establishment: net::ERR_CONNECTION_REFUSED @ http://localhost:3099/@vite/client:1034
[  607973ms] [ERROR] WebSocket connection to 'ws://localhost:3099/' failed: Error in connection establishment: net::ERR_CONNECTION_REFUSED @ http://localhost:3099/@vite/client:1034
[  609980ms] [ERROR] WebSocket connection to 'ws://localhost:3099/' failed: Error in connection establishment: net::ERR_CONNECTION_REFUSED @ http://localhost:3099/@vite/client:1034
[  613953ms] [ERROR] WebSocket connection to 'ws://localhost:3099/' failed: Error in connection establishment: net::ERR_CONNECTION_REFUSED @ http://localhost:3099/@vite/client:1034
[  616036ms] [ERROR] WebSocket connection to 'ws://localhost:3099/' failed: Error in connection establishment: net::ERR_CONNECTION_REFUSED @ http://localhost:3099/@vite/client:1034
[  621010ms] [ERROR] WebSocket connection to 'ws://localhost:3099/' failed: Error in connection establishment: net::ERR_CONNECTION_REFUSED @ http://localhost:3099/@vite/client:1034
[  623299ms] [ERROR] WebSocket connection to 'ws://localhost:3099/' failed: Error in connection establishment: net::ERR_CONNECTION_REFUSED @ http://localhost:3099/@vite/client:1034
[  629293ms] [ERROR] WebSocket connection to 'ws://localhost:3099/' failed: Error in connection establishment: net::ERR_CONNECTION_REFUSED @ http://localhost:3099/@vite/client:1034
[  633321ms] [ERROR] WebSocket connection to 'ws://localhost:3099/' failed: Error in connection establishment: net::ERR_CONNECTION_REFUSED @ http://localhost:3099/@vite/client:1034
[  636964ms] [ERROR] WebSocket connection to 'ws://localhost:3099/' failed: Error in connection establishment: net::ERR_CONNECTION_REFUSED @ http://localhost:3099/@vite/client:1034
[  642299ms] [ERROR] WebSocket connection to 'ws://localhost:3099/' failed: Error in connection establishment: net::ERR_CONNECTION_REFUSED @ http://localhost:3099/@vite/client:1034
[  647739ms] [ERROR] WebSocket connection to 'ws://localhost:3099/' failed: Error in connection establishment: net::ERR_CONNECTION_REFUSED @ http://localhost:3099/@vite/client:1034
[  651264ms] [ERROR] WebSocket connection to 'ws://localhost:3099/' failed: Error in connection establishment: net::ERR_CONNECTION_REFUSED @ http://localhost:3099/@vite/client:1034
[  656024ms] [ERROR] WebSocket connection to 'ws://localhost:3099/' failed: Error in connection establishment: net::ERR_CONNECTION_REFUSED @ http://localhost:3099/@vite/client:1034
[  661443ms] [ERROR] WebSocket connection to 'ws://localhost:3099/' failed: Error in connection establishment: net::ERR_CONNECTION_REFUSED @ http://localhost:3099/@vite/client:1034
