[    2454ms] [INFO] %cDownload the React DevTools for a better development experience: https://react.dev/link/react-devtools font-weight:bold @ http://localhost:3099/@fs/Users/user/mm/gsl-components/node_modules/.vite/deps/react-dom_client.js?v=202b4cf7:20102
[    2670ms] [ERROR] Failed to load resource: the server responded with a status of 404 (Not Found) @ http://localhost:3099/favicon.ico:0
[    3985ms] [INFO] %cDownload the React DevTools for a better development experience: https://react.dev/link/react-devtools font-weight:bold @ http://localhost:3099/@fs/Users/user/mm/gsl-components/node_modules/.vite/deps/react-dom_client.js?v=5043605f:20102
[    4102ms] [ERROR] Failed to load resource: the server responded with a status of 404 (Not Found) @ http://localhost:3099/favicon.ico:0
[  104132ms] [ERROR] Failed to load resource: net::ERR_CONNECTION_RESET @ http://localhost:3099/@fs/Users/user/mm/gsl-components/src/components/table/TableBulkActions.tsx?t=1781757275120:0
[  104133ms] [ERROR] [vite] Failed to reload /@fs/Users/user/mm/gsl-components/src/components/table/TableBulkActions.tsx. This could be due to syntax errors or importing non-existent modules. (see errors above) @ http://localhost:3099/@vite/client:881
[  104133ms] [LOG] [vite] server connection lost. Polling for restart... @ http://localhost:3099/@vite/client:963
[  104134ms] [ERROR] WebSocket connection to 'ws://localhost:3099/' failed: Error in connection establishment: net::ERR_CONNECTION_REFUSED @ http://localhost:3099/@vite/client:1034
[  105137ms] [ERROR] WebSocket connection to 'ws://localhost:3099/' failed: Error in connection establishment: net::ERR_CONNECTION_REFUSED @ http://localhost:3099/@vite/client:1034
[  106140ms] [ERROR] WebSocket connection to 'ws://localhost:3099/' failed: Error in connection establishment: net::ERR_CONNECTION_REFUSED @ http://localhost:3099/@vite/client:1034
[  107142ms] [ERROR] WebSocket connection to 'ws://localhost:3099/' failed: Error in connection establishment: net::ERR_CONNECTION_REFUSED @ http://localhost:3099/@vite/client:1034
[  108145ms] [ERROR] WebSocket connection to 'ws://localhost:3099/' failed: Error in connection establishment: net::ERR_CONNECTION_REFUSED @ http://localhost:3099/@vite/client:1034
[  109147ms] [ERROR] WebSocket connection to 'ws://localhost:3099/' failed: Error in connection establishment: net::ERR_CONNECTION_REFUSED @ http://localhost:3099/@vite/client:1034
[  110149ms] [ERROR] WebSocket connection to 'ws://localhost:3099/' failed: Error in connection establishment: net::ERR_CONNECTION_REFUSED @ http://localhost:3099/@vite/client:1034
[  111152ms] [ERROR] WebSocket connection to 'ws://localhost:3099/' failed: Error in connection establishment: net::ERR_CONNECTION_REFUSED @ http://localhost:3099/@vite/client:1034
[  112156ms] [ERROR] WebSocket connection to 'ws://localhost:3099/' failed: Error in connection establishment: net::ERR_CONNECTION_REFUSED @ http://localhost:3099/@vite/client:1034
[  113158ms] [ERROR] WebSocket connection to 'ws://localhost:3099/' failed: Error in connection establishment: net::ERR_CONNECTION_REFUSED @ http://localhost:3099/@vite/client:1034
[  114160ms] [ERROR] WebSocket connection to 'ws://localhost:3099/' failed: Error in connection establishment: net::ERR_CONNECTION_REFUSED @ http://localhost:3099/@vite/client:1034
[  115162ms] [ERROR] WebSocket connection to 'ws://localhost:3099/' failed: Error in connection establishment: net::ERR_CONNECTION_REFUSED @ http://localhost:3099/@vite/client:1034
[  116164ms] [ERROR] WebSocket connection to 'ws://localhost:3099/' failed: Error in connection establishment: net::ERR_CONNECTION_REFUSED @ http://localhost:3099/@vite/client:1034
[  117167ms] [ERROR] WebSocket connection to 'ws://localhost:3099/' failed: Error in connection establishment: net::ERR_CONNECTION_REFUSED @ http://localhost:3099/@vite/client:1034
[  118171ms] [ERROR] WebSocket connection to 'ws://localhost:3099/' failed: Error in connection establishment: net::ERR_CONNECTION_REFUSED @ http://localhost:3099/@vite/client:1034
[  119175ms] [ERROR] WebSocket connection to 'ws://localhost:3099/' failed: Error in connection establishment: net::ERR_CONNECTION_REFUSED @ http://localhost:3099/@vite/client:1034
[  120181ms] [ERROR] WebSocket connection to 'ws://localhost:3099/' failed: Error in connection establishment: net::ERR_CONNECTION_REFUSED @ http://localhost:3099/@vite/client:1034
[  121184ms] [ERROR] WebSocket connection to 'ws://localhost:3099/' failed: Error in connection establishment: net::ERR_CONNECTION_REFUSED @ http://localhost:3099/@vite/client:1034
[  122188ms] [ERROR] WebSocket connection to 'ws://localhost:3099/' failed: Error in connection establishment: net::ERR_CONNECTION_REFUSED @ http://localhost:3099/@vite/client:1034
[  123196ms] [ERROR] WebSocket connection to 'ws://localhost:3099/' failed: Error in connection establishment: net::ERR_CONNECTION_REFUSED @ http://localhost:3099/@vite/client:1034
[  124207ms] [ERROR] WebSocket connection to 'ws://localhost:3099/' failed: Error in connection establishment: net::ERR_CONNECTION_REFUSED @ http://localhost:3099/@vite/client:1034
[  125228ms] [ERROR] WebSocket connection to 'ws://localhost:3099/' failed: Error in connection establishment: net::ERR_CONNECTION_REFUSED @ http://localhost:3099/@vite/client:1034
[  126247ms] [ERROR] WebSocket connection to 'ws://localhost:3099/' failed: Error in connection establishment: net::ERR_CONNECTION_REFUSED @ http://localhost:3099/@vite/client:1034
[  127257ms] [ERROR] WebSocket connection to 'ws://localhost:3099/' failed: Error in connection establishment: net::ERR_CONNECTION_REFUSED @ http://localhost:3099/@vite/client:1034
[  128290ms] [ERROR] WebSocket connection to 'ws://localhost:3099/' failed: Error in connection establishment: net::ERR_CONNECTION_REFUSED @ http://localhost:3099/@vite/client:1034
[  129309ms] [ERROR] WebSocket connection to 'ws://localhost:3099/' failed: Error in connection establishment: net::ERR_CONNECTION_REFUSED @ http://localhost:3099/@vite/client:1034
[  130323ms] [ERROR] WebSocket connection to 'ws://localhost:3099/' failed: Error in connection establishment: net::ERR_CONNECTION_REFUSED @ http://localhost:3099/@vite/client:1034
[  131403ms] [ERROR] WebSocket connection to 'ws://localhost:3099/' failed: Error in connection establishment: net::ERR_CONNECTION_REFUSED @ http://localhost:3099/@vite/client:1034
[  132484ms] [ERROR] WebSocket connection to 'ws://localhost:3099/' failed: Error in connection establishment: net::ERR_CONNECTION_REFUSED @ http://localhost:3099/@vite/client:1034
[  133505ms] [ERROR] WebSocket connection to 'ws://localhost:3099/' failed: Error in connection establishment: net::ERR_CONNECTION_REFUSED @ http://localhost:3099/@vite/client:1034
[  134613ms] [ERROR] WebSocket connection to 'ws://localhost:3099/' failed: Error in connection establishment: net::ERR_CONNECTION_REFUSED @ http://localhost:3099/@vite/client:1034
[  135697ms] [ERROR] WebSocket connection to 'ws://localhost:3099/' failed: Error in connection establishment: net::ERR_CONNECTION_REFUSED @ http://localhost:3099/@vite/client:1034
[  136822ms] [ERROR] WebSocket connection to 'ws://localhost:3099/' failed: Error in connection establishment: net::ERR_CONNECTION_REFUSED @ http://localhost:3099/@vite/client:1034
[  137939ms] [ERROR] WebSocket connection to 'ws://localhost:3099/' failed: Error in connection establishment: net::ERR_CONNECTION_REFUSED @ http://localhost:3099/@vite/client:1034
[  139222ms] [ERROR] WebSocket connection to 'ws://localhost:3099/' failed: Error in connection establishment: net::ERR_CONNECTION_REFUSED @ http://localhost:3099/@vite/client:1034
[  140488ms] [ERROR] WebSocket connection to 'ws://localhost:3099/' failed: Error in connection establishment: net::ERR_CONNECTION_REFUSED @ http://localhost:3099/@vite/client:1034
[  142043ms] [ERROR] WebSocket connection to 'ws://localhost:3099/' failed: Error in connection establishment: net::ERR_CONNECTION_REFUSED @ http://localhost:3099/@vite/client:1034
[  143482ms] [ERROR] WebSocket connection to 'ws://localhost:3099/' failed: Error in connection establishment: net::ERR_CONNECTION_REFUSED @ http://localhost:3099/@vite/client:1034
[  144834ms] [ERROR] WebSocket connection to 'ws://localhost:3099/' failed: Error in connection establishment: net::ERR_CONNECTION_REFUSED @ http://localhost:3099/@vite/client:1034
[  146626ms] [ERROR] WebSocket connection to 'ws://localhost:3099/' failed: Error in connection establishment: net::ERR_CONNECTION_REFUSED @ http://localhost:3099/@vite/client:1034
[  148690ms] [ERROR] WebSocket connection to 'ws://localhost:3099/' failed: Error in connection establishment: net::ERR_CONNECTION_REFUSED @ http://localhost:3099/@vite/client:1034
[  150517ms] [ERROR] WebSocket connection to 'ws://localhost:3099/' failed: Error in connection establishment: net::ERR_CONNECTION_REFUSED @ http://localhost:3099/@vite/client:1034
[  153443ms] [ERROR] WebSocket connection to 'ws://localhost:3099/' failed: Error in connection establishment: net::ERR_CONNECTION_REFUSED @ http://localhost:3099/@vite/client:1034
[  156013ms] [ERROR] WebSocket connection to 'ws://localhost:3099/' failed: Error in connection establishment: net::ERR_CONNECTION_REFUSED @ http://localhost:3099/@vite/client:1034
[  158242ms] [ERROR] WebSocket connection to 'ws://localhost:3099/' failed: Error in connection establishment: net::ERR_CONNECTION_REFUSED @ http://localhost:3099/@vite/client:1034
[  161097ms] [ERROR] WebSocket connection to 'ws://localhost:3099/' failed: Error in connection establishment: net::ERR_CONNECTION_REFUSED @ http://localhost:3099/@vite/client:1034
[  166898ms] [ERROR] WebSocket connection to 'ws://localhost:3099/' failed: Error in connection establishment: net::ERR_CONNECTION_REFUSED @ http://localhost:3099/@vite/client:1034
[  172543ms] [ERROR] WebSocket connection to 'ws://localhost:3099/' failed: Error in connection establishment: net::ERR_CONNECTION_REFUSED @ http://localhost:3099/@vite/client:1034
[  175313ms] [ERROR] WebSocket connection to 'ws://localhost:3099/' failed: Error in connection establishment: net::ERR_CONNECTION_REFUSED @ http://localhost:3099/@vite/client:1034
[  179092ms] [ERROR] WebSocket connection to 'ws://localhost:3099/' failed: Error in connection establishment: net::ERR_CONNECTION_REFUSED @ http://localhost:3099/@vite/client:1034
[  183323ms] [ERROR] WebSocket connection to 'ws://localhost:3099/' failed: Error in connection establishment: net::ERR_CONNECTION_REFUSED @ http://localhost:3099/@vite/client:1034
[  188675ms] [ERROR] WebSocket connection to 'ws://localhost:3099/' failed: Error in connection establishment: net::ERR_CONNECTION_REFUSED @ http://localhost:3099/@vite/client:1034
[  194302ms] [ERROR] WebSocket connection to 'ws://localhost:3099/' failed: Error in connection establishment: net::ERR_CONNECTION_REFUSED @ http://localhost:3099/@vite/client:1034
[  197109ms] [ERROR] WebSocket connection to 'ws://localhost:3099/' failed: Error in connection establishment: net::ERR_CONNECTION_REFUSED @ http://localhost:3099/@vite/client:1034
[  200839ms] [ERROR] WebSocket connection to 'ws://localhost:3099/' failed: Error in connection establishment: net::ERR_CONNECTION_REFUSED @ http://localhost:3099/@vite/client:1034
[  204397ms] [ERROR] WebSocket connection to 'ws://localhost:3099/' failed: Error in connection establishment: net::ERR_CONNECTION_REFUSED @ http://localhost:3099/@vite/client:1034
[  210362ms] [ERROR] WebSocket connection to 'ws://localhost:3099/' failed: Error in connection establishment: net::ERR_CONNECTION_REFUSED @ http://localhost:3099/@vite/client:1034
