[     195ms] [INFO] %cDownload the React DevTools for a better development experience: https://react.dev/link/react-devtools font-weight:bold @ http://localhost:5174/@fs/Users/user/mm/gsl-components/node_modules/.vite/deps/react-dom_client.js?v=5043605f:20102
[    9577ms] [ERROR] Failed to load resource: net::ERR_CONNECTION_REFUSED @ http://localhost:5174/pages/DocsPage.tsx?t=1781739692662:0
[    9577ms] [ERROR] [vite] Failed to reload /pages/DocsPage.tsx. This could be due to syntax errors or importing non-existent modules. (see errors above) @ http://localhost:5174/@vite/client:881
[    9577ms] [LOG] [vite] server connection lost. Polling for restart... @ http://localhost:5174/@vite/client:963
[    9578ms] [ERROR] WebSocket connection to 'ws://localhost:5174/' failed: Error in connection establishment: net::ERR_CONNECTION_REFUSED @ http://localhost:5174/@vite/client:1034
[   10580ms] [ERROR] WebSocket connection to 'ws://localhost:5174/' failed: Error in connection establishment: net::ERR_CONNECTION_REFUSED @ http://localhost:5174/@vite/client:1034
[   11583ms] [ERROR] WebSocket connection to 'ws://localhost:5174/' failed: Error in connection establishment: net::ERR_CONNECTION_REFUSED @ http://localhost:5174/@vite/client:1034
[   12586ms] [ERROR] WebSocket connection to 'ws://localhost:5174/' failed: Error in connection establishment: net::ERR_CONNECTION_REFUSED @ http://localhost:5174/@vite/client:1034
[   13589ms] [ERROR] WebSocket connection to 'ws://localhost:5174/' failed: Error in connection establishment: net::ERR_CONNECTION_REFUSED @ http://localhost:5174/@vite/client:1034
[   14591ms] [ERROR] WebSocket connection to 'ws://localhost:5174/' failed: Error in connection establishment: net::ERR_CONNECTION_REFUSED @ http://localhost:5174/@vite/client:1034
[   15595ms] [ERROR] WebSocket connection to 'ws://localhost:5174/' failed: Error in connection establishment: net::ERR_CONNECTION_REFUSED @ http://localhost:5174/@vite/client:1034
[   16598ms] [ERROR] WebSocket connection to 'ws://localhost:5174/' failed: Error in connection establishment: net::ERR_CONNECTION_REFUSED @ http://localhost:5174/@vite/client:1034
[   17601ms] [ERROR] WebSocket connection to 'ws://localhost:5174/' failed: Error in connection establishment: net::ERR_CONNECTION_REFUSED @ http://localhost:5174/@vite/client:1034
[   18605ms] [ERROR] WebSocket connection to 'ws://localhost:5174/' failed: Error in connection establishment: net::ERR_CONNECTION_REFUSED @ http://localhost:5174/@vite/client:1034
[   19608ms] [ERROR] WebSocket connection to 'ws://localhost:5174/' failed: Error in connection establishment: net::ERR_CONNECTION_REFUSED @ http://localhost:5174/@vite/client:1034
[   20611ms] [ERROR] WebSocket connection to 'ws://localhost:5174/' failed: Error in connection establishment: net::ERR_CONNECTION_REFUSED @ http://localhost:5174/@vite/client:1034
[   21617ms] [ERROR] WebSocket connection to 'ws://localhost:5174/' failed: Error in connection establishment: net::ERR_CONNECTION_REFUSED @ http://localhost:5174/@vite/client:1034
[   22622ms] [ERROR] WebSocket connection to 'ws://localhost:5174/' failed: Error in connection establishment: net::ERR_CONNECTION_REFUSED @ http://localhost:5174/@vite/client:1034
[   23625ms] [ERROR] WebSocket connection to 'ws://localhost:5174/' failed: Error in connection establishment: net::ERR_CONNECTION_REFUSED @ http://localhost:5174/@vite/client:1034
[   24630ms] [ERROR] WebSocket connection to 'ws://localhost:5174/' failed: Error in connection establishment: net::ERR_CONNECTION_REFUSED @ http://localhost:5174/@vite/client:1034
[   25635ms] [ERROR] WebSocket connection to 'ws://localhost:5174/' failed: Error in connection establishment: net::ERR_CONNECTION_REFUSED @ http://localhost:5174/@vite/client:1034
[   26642ms] [ERROR] WebSocket connection to 'ws://localhost:5174/' failed: Error in connection establishment: net::ERR_CONNECTION_REFUSED @ http://localhost:5174/@vite/client:1034
[   27650ms] [ERROR] WebSocket connection to 'ws://localhost:5174/' failed: Error in connection establishment: net::ERR_CONNECTION_REFUSED @ http://localhost:5174/@vite/client:1034
[   28654ms] [ERROR] WebSocket connection to 'ws://localhost:5174/' failed: Error in connection establishment: net::ERR_CONNECTION_REFUSED @ http://localhost:5174/@vite/client:1034
[   29659ms] [ERROR] WebSocket connection to 'ws://localhost:5174/' failed: Error in connection establishment: net::ERR_CONNECTION_REFUSED @ http://localhost:5174/@vite/client:1034
[   30683ms] [ERROR] WebSocket connection to 'ws://localhost:5174/' failed: Error in connection establishment: net::ERR_CONNECTION_REFUSED @ http://localhost:5174/@vite/client:1034
[   31697ms] [ERROR] WebSocket connection to 'ws://localhost:5174/' failed: Error in connection establishment: net::ERR_CONNECTION_REFUSED @ http://localhost:5174/@vite/client:1034
[   32709ms] [ERROR] WebSocket connection to 'ws://localhost:5174/' failed: Error in connection establishment: net::ERR_CONNECTION_REFUSED @ http://localhost:5174/@vite/client:1034
[   33746ms] [ERROR] WebSocket connection to 'ws://localhost:5174/' failed: Error in connection establishment: net::ERR_CONNECTION_REFUSED @ http://localhost:5174/@vite/client:1034
[   34767ms] [ERROR] WebSocket connection to 'ws://localhost:5174/' failed: Error in connection establishment: net::ERR_CONNECTION_REFUSED @ http://localhost:5174/@vite/client:1034
[   35810ms] [ERROR] WebSocket connection to 'ws://localhost:5174/' failed: Error in connection establishment: net::ERR_CONNECTION_REFUSED @ http://localhost:5174/@vite/client:1034
[   36854ms] [ERROR] WebSocket connection to 'ws://localhost:5174/' failed: Error in connection establishment: net::ERR_CONNECTION_REFUSED @ http://localhost:5174/@vite/client:1034
[   37899ms] [ERROR] WebSocket connection to 'ws://localhost:5174/' failed: Error in connection establishment: net::ERR_CONNECTION_REFUSED @ http://localhost:5174/@vite/client:1034
[   38920ms] [ERROR] WebSocket connection to 'ws://localhost:5174/' failed: Error in connection establishment: net::ERR_CONNECTION_REFUSED @ http://localhost:5174/@vite/client:1034
[   39992ms] [ERROR] WebSocket connection to 'ws://localhost:5174/' failed: Error in connection establishment: net::ERR_CONNECTION_REFUSED @ http://localhost:5174/@vite/client:1034
[   41102ms] [ERROR] WebSocket connection to 'ws://localhost:5174/' failed: Error in connection establishment: net::ERR_CONNECTION_REFUSED @ http://localhost:5174/@vite/client:1034
[   42164ms] [ERROR] WebSocket connection to 'ws://localhost:5174/' failed: Error in connection establishment: net::ERR_CONNECTION_REFUSED @ http://localhost:5174/@vite/client:1034
[   43470ms] [ERROR] WebSocket connection to 'ws://localhost:5174/' failed: Error in connection establishment: net::ERR_CONNECTION_REFUSED @ http://localhost:5174/@vite/client:1034
[   44554ms] [ERROR] WebSocket connection to 'ws://localhost:5174/' failed: Error in connection establishment: net::ERR_CONNECTION_REFUSED @ http://localhost:5174/@vite/client:1034
[   45788ms] [ERROR] WebSocket connection to 'ws://localhost:5174/' failed: Error in connection establishment: net::ERR_CONNECTION_REFUSED @ http://localhost:5174/@vite/client:1034
[   47376ms] [ERROR] WebSocket connection to 'ws://localhost:5174/' failed: Error in connection establishment: net::ERR_CONNECTION_REFUSED @ http://localhost:5174/@vite/client:1034
[   48588ms] [ERROR] WebSocket connection to 'ws://localhost:5174/' failed: Error in connection establishment: net::ERR_CONNECTION_REFUSED @ http://localhost:5174/@vite/client:1034
[   49824ms] [ERROR] WebSocket connection to 'ws://localhost:5174/' failed: Error in connection establishment: net::ERR_CONNECTION_REFUSED @ http://localhost:5174/@vite/client:1034
[   52046ms] [ERROR] WebSocket connection to 'ws://localhost:5174/' failed: Error in connection establishment: net::ERR_CONNECTION_REFUSED @ http://localhost:5174/@vite/client:1034
[   53585ms] [ERROR] WebSocket connection to 'ws://localhost:5174/' failed: Error in connection establishment: net::ERR_CONNECTION_REFUSED @ http://localhost:5174/@vite/client:1034
[   55838ms] [ERROR] WebSocket connection to 'ws://localhost:5174/' failed: Error in connection establishment: net::ERR_CONNECTION_REFUSED @ http://localhost:5174/@vite/client:1034
[   58587ms] [ERROR] WebSocket connection to 'ws://localhost:5174/' failed: Error in connection establishment: net::ERR_CONNECTION_REFUSED @ http://localhost:5174/@vite/client:1034
[   60671ms] [ERROR] WebSocket connection to 'ws://localhost:5174/' failed: Error in connection establishment: net::ERR_CONNECTION_REFUSED @ http://localhost:5174/@vite/client:1034
[   63379ms] [ERROR] WebSocket connection to 'ws://localhost:5174/' failed: Error in connection establishment: net::ERR_CONNECTION_REFUSED @ http://localhost:5174/@vite/client:1034
[   66452ms] [ERROR] WebSocket connection to 'ws://localhost:5174/' failed: Error in connection establishment: net::ERR_CONNECTION_REFUSED @ http://localhost:5174/@vite/client:1034
[   71174ms] [ERROR] WebSocket connection to 'ws://localhost:5174/' failed: Error in connection establishment: net::ERR_CONNECTION_REFUSED @ http://localhost:5174/@vite/client:1034
[   77001ms] [ERROR] WebSocket connection to 'ws://localhost:5174/' failed: Error in connection establishment: net::ERR_CONNECTION_REFUSED @ http://localhost:5174/@vite/client:1034
[   81767ms] [ERROR] WebSocket connection to 'ws://localhost:5174/' failed: Error in connection establishment: net::ERR_CONNECTION_REFUSED @ http://localhost:5174/@vite/client:1034
[   86353ms] [ERROR] WebSocket connection to 'ws://localhost:5174/' failed: Error in connection establishment: net::ERR_CONNECTION_REFUSED @ http://localhost:5174/@vite/client:1034
[   88869ms] [ERROR] WebSocket connection to 'ws://localhost:5174/' failed: Error in connection establishment: net::ERR_CONNECTION_REFUSED @ http://localhost:5174/@vite/client:1034
[   94464ms] [ERROR] WebSocket connection to 'ws://localhost:5174/' failed: Error in connection establishment: net::ERR_CONNECTION_REFUSED @ http://localhost:5174/@vite/client:1034
[   96964ms] [ERROR] WebSocket connection to 'ws://localhost:5174/' failed: Error in connection establishment: net::ERR_CONNECTION_REFUSED @ http://localhost:5174/@vite/client:1034
[  101844ms] [ERROR] WebSocket connection to 'ws://localhost:5174/' failed: Error in connection establishment: net::ERR_CONNECTION_REFUSED @ http://localhost:5174/@vite/client:1034
[  106944ms] [ERROR] WebSocket connection to 'ws://localhost:5174/' failed: Error in connection establishment: net::ERR_CONNECTION_REFUSED @ http://localhost:5174/@vite/client:1034
[  111432ms] [ERROR] WebSocket connection to 'ws://localhost:5174/' failed: Error in connection establishment: net::ERR_CONNECTION_REFUSED @ http://localhost:5174/@vite/client:1034
[  114749ms] [ERROR] WebSocket connection to 'ws://localhost:5174/' failed: Error in connection establishment: net::ERR_CONNECTION_REFUSED @ http://localhost:5174/@vite/client:1034
[  117800ms] [ERROR] WebSocket connection to 'ws://localhost:5174/' failed: Error in connection establishment: net::ERR_CONNECTION_REFUSED @ http://localhost:5174/@vite/client:1034
[  120289ms] [ERROR] WebSocket connection to 'ws://localhost:5174/' failed: Error in connection establishment: net::ERR_CONNECTION_REFUSED @ http://localhost:5174/@vite/client:1034
[  125314ms] [ERROR] WebSocket connection to 'ws://localhost:5174/' failed: Error in connection establishment: net::ERR_CONNECTION_REFUSED @ http://localhost:5174/@vite/client:1034
[  129437ms] [ERROR] WebSocket connection to 'ws://localhost:5174/' failed: Error in connection establishment: net::ERR_CONNECTION_REFUSED @ http://localhost:5174/@vite/client:1034
[  132910ms] [ERROR] WebSocket connection to 'ws://localhost:5174/' failed: Error in connection establishment: net::ERR_CONNECTION_REFUSED @ http://localhost:5174/@vite/client:1034
[  135614ms] [ERROR] WebSocket connection to 'ws://localhost:5174/' failed: Error in connection establishment: net::ERR_CONNECTION_REFUSED @ http://localhost:5174/@vite/client:1034
[  137907ms] [ERROR] WebSocket connection to 'ws://localhost:5174/' failed: Error in connection establishment: net::ERR_CONNECTION_REFUSED @ http://localhost:5174/@vite/client:1034
[  143342ms] [ERROR] WebSocket connection to 'ws://localhost:5174/' failed: Error in connection establishment: net::ERR_CONNECTION_REFUSED @ http://localhost:5174/@vite/client:1034
[  146765ms] [ERROR] WebSocket connection to 'ws://localhost:5174/' failed: Error in connection establishment: net::ERR_CONNECTION_REFUSED @ http://localhost:5174/@vite/client:1034
[  148989ms] [ERROR] WebSocket connection to 'ws://localhost:5174/' failed: Error in connection establishment: net::ERR_CONNECTION_REFUSED @ http://localhost:5174/@vite/client:1034
[  152449ms] [ERROR] WebSocket connection to 'ws://localhost:5174/' failed: Error in connection establishment: net::ERR_CONNECTION_REFUSED @ http://localhost:5174/@vite/client:1034
[  158448ms] [ERROR] WebSocket connection to 'ws://localhost:5174/' failed: Error in connection establishment: net::ERR_CONNECTION_REFUSED @ http://localhost:5174/@vite/client:1034
[  161094ms] [ERROR] WebSocket connection to 'ws://localhost:5174/' failed: Error in connection establishment: net::ERR_CONNECTION_REFUSED @ http://localhost:5174/@vite/client:1034
[  165232ms] [ERROR] WebSocket connection to 'ws://localhost:5174/' failed: Error in connection establishment: net::ERR_CONNECTION_REFUSED @ http://localhost:5174/@vite/client:1034
[  170670ms] [ERROR] WebSocket connection to 'ws://localhost:5174/' failed: Error in connection establishment: net::ERR_CONNECTION_REFUSED @ http://localhost:5174/@vite/client:1034
[  175625ms] [ERROR] WebSocket connection to 'ws://localhost:5174/' failed: Error in connection establishment: net::ERR_CONNECTION_REFUSED @ http://localhost:5174/@vite/client:1034
[  178284ms] [ERROR] WebSocket connection to 'ws://localhost:5174/' failed: Error in connection establishment: net::ERR_CONNECTION_REFUSED @ http://localhost:5174/@vite/client:1034
[  181174ms] [ERROR] WebSocket connection to 'ws://localhost:5174/' failed: Error in connection establishment: net::ERR_CONNECTION_REFUSED @ http://localhost:5174/@vite/client:1034
[  184063ms] [ERROR] WebSocket connection to 'ws://localhost:5174/' failed: Error in connection establishment: net::ERR_CONNECTION_REFUSED @ http://localhost:5174/@vite/client:1034
[  187963ms] [ERROR] WebSocket connection to 'ws://localhost:5174/' failed: Error in connection establishment: net::ERR_CONNECTION_REFUSED @ http://localhost:5174/@vite/client:1034
[  191146ms] [ERROR] WebSocket connection to 'ws://localhost:5174/' failed: Error in connection establishment: net::ERR_CONNECTION_REFUSED @ http://localhost:5174/@vite/client:1034
[  195503ms] [ERROR] WebSocket connection to 'ws://localhost:5174/' failed: Error in connection establishment: net::ERR_CONNECTION_REFUSED @ http://localhost:5174/@vite/client:1034
[  197660ms] [ERROR] WebSocket connection to 'ws://localhost:5174/' failed: Error in connection establishment: net::ERR_CONNECTION_REFUSED @ http://localhost:5174/@vite/client:1034
[  200573ms] [ERROR] WebSocket connection to 'ws://localhost:5174/' failed: Error in connection establishment: net::ERR_CONNECTION_REFUSED @ http://localhost:5174/@vite/client:1034
[  203323ms] [ERROR] WebSocket connection to 'ws://localhost:5174/' failed: Error in connection establishment: net::ERR_CONNECTION_REFUSED @ http://localhost:5174/@vite/client:1034
[  205996ms] [ERROR] WebSocket connection to 'ws://localhost:5174/' failed: Error in connection establishment: net::ERR_CONNECTION_REFUSED @ http://localhost:5174/@vite/client:1034
[  210045ms] [ERROR] WebSocket connection to 'ws://localhost:5174/' failed: Error in connection establishment: net::ERR_CONNECTION_REFUSED @ http://localhost:5174/@vite/client:1034
[  214696ms] [ERROR] WebSocket connection to 'ws://localhost:5174/' failed: Error in connection establishment: net::ERR_CONNECTION_REFUSED @ http://localhost:5174/@vite/client:1034
[  217943ms] [ERROR] WebSocket connection to 'ws://localhost:5174/' failed: Error in connection establishment: net::ERR_CONNECTION_REFUSED @ http://localhost:5174/@vite/client:1034
[  220097ms] [ERROR] WebSocket connection to 'ws://localhost:5174/' failed: Error in connection establishment: net::ERR_CONNECTION_REFUSED @ http://localhost:5174/@vite/client:1034
[  224258ms] [ERROR] WebSocket connection to 'ws://localhost:5174/' failed: Error in connection establishment: net::ERR_CONNECTION_REFUSED @ http://localhost:5174/@vite/client:1034
[  226745ms] [ERROR] WebSocket connection to 'ws://localhost:5174/' failed: Error in connection establishment: net::ERR_CONNECTION_REFUSED @ http://localhost:5174/@vite/client:1034
[  232492ms] [ERROR] WebSocket connection to 'ws://localhost:5174/' failed: Error in connection establishment: net::ERR_CONNECTION_REFUSED @ http://localhost:5174/@vite/client:1034
[  236471ms] [ERROR] WebSocket connection to 'ws://localhost:5174/' failed: Error in connection establishment: net::ERR_CONNECTION_REFUSED @ http://localhost:5174/@vite/client:1034
[  240935ms] [ERROR] WebSocket connection to 'ws://localhost:5174/' failed: Error in connection establishment: net::ERR_CONNECTION_REFUSED @ http://localhost:5174/@vite/client:1034
[  243368ms] [ERROR] WebSocket connection to 'ws://localhost:5174/' failed: Error in connection establishment: net::ERR_CONNECTION_REFUSED @ http://localhost:5174/@vite/client:1034
[  248564ms] [ERROR] WebSocket connection to 'ws://localhost:5174/' failed: Error in connection establishment: net::ERR_CONNECTION_REFUSED @ http://localhost:5174/@vite/client:1034
[  253318ms] [ERROR] WebSocket connection to 'ws://localhost:5174/' failed: Error in connection establishment: net::ERR_CONNECTION_REFUSED @ http://localhost:5174/@vite/client:1034
[  256076ms] [ERROR] WebSocket connection to 'ws://localhost:5174/' failed: Error in connection establishment: net::ERR_CONNECTION_REFUSED @ http://localhost:5174/@vite/client:1034
[  259439ms] [ERROR] WebSocket connection to 'ws://localhost:5174/' failed: Error in connection establishment: net::ERR_CONNECTION_REFUSED @ http://localhost:5174/@vite/client:1034
[  264112ms] [ERROR] WebSocket connection to 'ws://localhost:5174/' failed: Error in connection establishment: net::ERR_CONNECTION_REFUSED @ http://localhost:5174/@vite/client:1034
[  268401ms] [ERROR] WebSocket connection to 'ws://localhost:5174/' failed: Error in connection establishment: net::ERR_CONNECTION_REFUSED @ http://localhost:5174/@vite/client:1034
[  270508ms] [ERROR] WebSocket connection to 'ws://localhost:5174/' failed: Error in connection establishment: net::ERR_CONNECTION_REFUSED @ http://localhost:5174/@vite/client:1034
[  273774ms] [ERROR] WebSocket connection to 'ws://localhost:5174/' failed: Error in connection establishment: net::ERR_CONNECTION_REFUSED @ http://localhost:5174/@vite/client:1034
[  274777ms] [ERROR] WebSocket connection to 'ws://localhost:5174/' failed: Error in connection establishment: net::ERR_CONNECTION_REFUSED @ http://localhost:5174/@vite/client:1034
[  275781ms] [ERROR] WebSocket connection to 'ws://localhost:5174/' failed: Error in connection establishment: net::ERR_CONNECTION_REFUSED @ http://localhost:5174/@vite/client:1034
[  276784ms] [ERROR] WebSocket connection to 'ws://localhost:5174/' failed: Error in connection establishment: net::ERR_CONNECTION_REFUSED @ http://localhost:5174/@vite/client:1034
[  277787ms] [ERROR] WebSocket connection to 'ws://localhost:5174/' failed: Error in connection establishment: net::ERR_CONNECTION_REFUSED @ http://localhost:5174/@vite/client:1034
[  278793ms] [ERROR] WebSocket connection to 'ws://localhost:5174/' failed: Error in connection establishment: net::ERR_CONNECTION_REFUSED @ http://localhost:5174/@vite/client:1034
[  279798ms] [ERROR] WebSocket connection to 'ws://localhost:5174/' failed: Error in connection establishment: net::ERR_CONNECTION_REFUSED @ http://localhost:5174/@vite/client:1034
[  280803ms] [ERROR] WebSocket connection to 'ws://localhost:5174/' failed: Error in connection establishment: net::ERR_CONNECTION_REFUSED @ http://localhost:5174/@vite/client:1034
[  281822ms] [ERROR] WebSocket connection to 'ws://localhost:5174/' failed: Error in connection establishment: net::ERR_CONNECTION_REFUSED @ http://localhost:5174/@vite/client:1034
[  282863ms] [ERROR] WebSocket connection to 'ws://localhost:5174/' failed: Error in connection establishment: net::ERR_CONNECTION_REFUSED @ http://localhost:5174/@vite/client:1034
[  283897ms] [ERROR] WebSocket connection to 'ws://localhost:5174/' failed: Error in connection establishment: net::ERR_CONNECTION_REFUSED @ http://localhost:5174/@vite/client:1034
[  284940ms] [ERROR] WebSocket connection to 'ws://localhost:5174/' failed: Error in connection establishment: net::ERR_CONNECTION_REFUSED @ http://localhost:5174/@vite/client:1034
[  286126ms] [ERROR] WebSocket connection to 'ws://localhost:5174/' failed: Error in connection establishment: net::ERR_CONNECTION_REFUSED @ http://localhost:5174/@vite/client:1034
[  287466ms] [ERROR] WebSocket connection to 'ws://localhost:5174/' failed: Error in connection establishment: net::ERR_CONNECTION_REFUSED @ http://localhost:5174/@vite/client:1034
[  289335ms] [ERROR] WebSocket connection to 'ws://localhost:5174/' failed: Error in connection establishment: net::ERR_CONNECTION_REFUSED @ http://localhost:5174/@vite/client:1034
[  292552ms] [ERROR] WebSocket connection to 'ws://localhost:5174/' failed: Error in connection establishment: net::ERR_CONNECTION_REFUSED @ http://localhost:5174/@vite/client:1034
[  296723ms] [ERROR] WebSocket connection to 'ws://localhost:5174/' failed: Error in connection establishment: net::ERR_CONNECTION_REFUSED @ http://localhost:5174/@vite/client:1034
[  302595ms] [ERROR] WebSocket connection to 'ws://localhost:5174/' failed: Error in connection establishment: net::ERR_CONNECTION_REFUSED @ http://localhost:5174/@vite/client:1034
[  305666ms] [ERROR] WebSocket connection to 'ws://localhost:5174/' failed: Error in connection establishment: net::ERR_CONNECTION_REFUSED @ http://localhost:5174/@vite/client:1034
[  309844ms] [ERROR] WebSocket connection to 'ws://localhost:5174/' failed: Error in connection establishment: net::ERR_CONNECTION_REFUSED @ http://localhost:5174/@vite/client:1034
[  312529ms] [ERROR] WebSocket connection to 'ws://localhost:5174/' failed: Error in connection establishment: net::ERR_CONNECTION_REFUSED @ http://localhost:5174/@vite/client:1034
[  317489ms] [ERROR] WebSocket connection to 'ws://localhost:5174/' failed: Error in connection establishment: net::ERR_CONNECTION_REFUSED @ http://localhost:5174/@vite/client:1034
[  323134ms] [ERROR] WebSocket connection to 'ws://localhost:5174/' failed: Error in connection establishment: net::ERR_CONNECTION_REFUSED @ http://localhost:5174/@vite/client:1034
[  326331ms] [ERROR] WebSocket connection to 'ws://localhost:5174/' failed: Error in connection establishment: net::ERR_CONNECTION_REFUSED @ http://localhost:5174/@vite/client:1034
[  331933ms] [ERROR] WebSocket connection to 'ws://localhost:5174/' failed: Error in connection establishment: net::ERR_CONNECTION_REFUSED @ http://localhost:5174/@vite/client:1034
[  334087ms] [ERROR] WebSocket connection to 'ws://localhost:5174/' failed: Error in connection establishment: net::ERR_CONNECTION_REFUSED @ http://localhost:5174/@vite/client:1034
[  338619ms] [ERROR] WebSocket connection to 'ws://localhost:5174/' failed: Error in connection establishment: net::ERR_CONNECTION_REFUSED @ http://localhost:5174/@vite/client:1034
[  343575ms] [ERROR] WebSocket connection to 'ws://localhost:5174/' failed: Error in connection establishment: net::ERR_CONNECTION_REFUSED @ http://localhost:5174/@vite/client:1034
[  348880ms] [ERROR] WebSocket connection to 'ws://localhost:5174/' failed: Error in connection establishment: net::ERR_CONNECTION_REFUSED @ http://localhost:5174/@vite/client:1034
[  352894ms] [ERROR] WebSocket connection to 'ws://localhost:5174/' failed: Error in connection establishment: net::ERR_CONNECTION_REFUSED @ http://localhost:5174/@vite/client:1034
[  355100ms] [ERROR] WebSocket connection to 'ws://localhost:5174/' failed: Error in connection establishment: net::ERR_CONNECTION_REFUSED @ http://localhost:5174/@vite/client:1034
[  360241ms] [ERROR] WebSocket connection to 'ws://localhost:5174/' failed: Error in connection establishment: net::ERR_CONNECTION_REFUSED @ http://localhost:5174/@vite/client:1034
[  363298ms] [ERROR] WebSocket connection to 'ws://localhost:5174/' failed: Error in connection establishment: net::ERR_CONNECTION_REFUSED @ http://localhost:5174/@vite/client:1034
[  367981ms] [ERROR] WebSocket connection to 'ws://localhost:5174/' failed: Error in connection establishment: net::ERR_CONNECTION_REFUSED @ http://localhost:5174/@vite/client:1034
[  373167ms] [ERROR] WebSocket connection to 'ws://localhost:5174/' failed: Error in connection establishment: net::ERR_CONNECTION_REFUSED @ http://localhost:5174/@vite/client:1034
[  379067ms] [ERROR] WebSocket connection to 'ws://localhost:5174/' failed: Error in connection establishment: net::ERR_CONNECTION_REFUSED @ http://localhost:5174/@vite/client:1034
[  382181ms] [ERROR] WebSocket connection to 'ws://localhost:5174/' failed: Error in connection establishment: net::ERR_CONNECTION_REFUSED @ http://localhost:5174/@vite/client:1034
[  386520ms] [ERROR] WebSocket connection to 'ws://localhost:5174/' failed: Error in connection establishment: net::ERR_CONNECTION_REFUSED @ http://localhost:5174/@vite/client:1034
[  391170ms] [ERROR] WebSocket connection to 'ws://localhost:5174/' failed: Error in connection establishment: net::ERR_CONNECTION_REFUSED @ http://localhost:5174/@vite/client:1034
[  396617ms] [ERROR] WebSocket connection to 'ws://localhost:5174/' failed: Error in connection establishment: net::ERR_CONNECTION_REFUSED @ http://localhost:5174/@vite/client:1034
[  402180ms] [ERROR] WebSocket connection to 'ws://localhost:5174/' failed: Error in connection establishment: net::ERR_CONNECTION_REFUSED @ http://localhost:5174/@vite/client:1034
[  404439ms] [ERROR] WebSocket connection to 'ws://localhost:5174/' failed: Error in connection establishment: net::ERR_CONNECTION_REFUSED @ http://localhost:5174/@vite/client:1034
[  407510ms] [ERROR] WebSocket connection to 'ws://localhost:5174/' failed: Error in connection establishment: net::ERR_CONNECTION_REFUSED @ http://localhost:5174/@vite/client:1034
[  409573ms] [ERROR] WebSocket connection to 'ws://localhost:5174/' failed: Error in connection establishment: net::ERR_CONNECTION_REFUSED @ http://localhost:5174/@vite/client:1034
[  414189ms] [ERROR] WebSocket connection to 'ws://localhost:5174/' failed: Error in connection establishment: net::ERR_CONNECTION_REFUSED @ http://localhost:5174/@vite/client:1034
[  419867ms] [ERROR] WebSocket connection to 'ws://localhost:5174/' failed: Error in connection establishment: net::ERR_CONNECTION_REFUSED @ http://localhost:5174/@vite/client:1034
[  424274ms] [ERROR] WebSocket connection to 'ws://localhost:5174/' failed: Error in connection establishment: net::ERR_CONNECTION_REFUSED @ http://localhost:5174/@vite/client:1034
[  430068ms] [ERROR] WebSocket connection to 'ws://localhost:5174/' failed: Error in connection establishment: net::ERR_CONNECTION_REFUSED @ http://localhost:5174/@vite/client:1034
[  435538ms] [ERROR] WebSocket connection to 'ws://localhost:5174/' failed: Error in connection establishment: net::ERR_CONNECTION_REFUSED @ http://localhost:5174/@vite/client:1034
[  439108ms] [ERROR] WebSocket connection to 'ws://localhost:5174/' failed: Error in connection establishment: net::ERR_CONNECTION_REFUSED @ http://localhost:5174/@vite/client:1034
[  444512ms] [ERROR] WebSocket connection to 'ws://localhost:5174/' failed: Error in connection establishment: net::ERR_CONNECTION_REFUSED @ http://localhost:5174/@vite/client:1034
[  448937ms] [ERROR] WebSocket connection to 'ws://localhost:5174/' failed: Error in connection establishment: net::ERR_CONNECTION_REFUSED @ http://localhost:5174/@vite/client:1034
[  451203ms] [ERROR] WebSocket connection to 'ws://localhost:5174/' failed: Error in connection establishment: net::ERR_CONNECTION_REFUSED @ http://localhost:5174/@vite/client:1034
[  456328ms] [ERROR] WebSocket connection to 'ws://localhost:5174/' failed: Error in connection establishment: net::ERR_CONNECTION_REFUSED @ http://localhost:5174/@vite/client:1034
[  462238ms] [ERROR] WebSocket connection to 'ws://localhost:5174/' failed: Error in connection establishment: net::ERR_CONNECTION_REFUSED @ http://localhost:5174/@vite/client:1034
[  466935ms] [ERROR] WebSocket connection to 'ws://localhost:5174/' failed: Error in connection establishment: net::ERR_CONNECTION_REFUSED @ http://localhost:5174/@vite/client:1034
[  470644ms] [ERROR] WebSocket connection to 'ws://localhost:5174/' failed: Error in connection establishment: net::ERR_CONNECTION_REFUSED @ http://localhost:5174/@vite/client:1034
[  475813ms] [ERROR] WebSocket connection to 'ws://localhost:5174/' failed: Error in connection establishment: net::ERR_CONNECTION_REFUSED @ http://localhost:5174/@vite/client:1034
[  479921ms] [ERROR] WebSocket connection to 'ws://localhost:5174/' failed: Error in connection establishment: net::ERR_CONNECTION_REFUSED @ http://localhost:5174/@vite/client:1034
[  484984ms] [ERROR] WebSocket connection to 'ws://localhost:5174/' failed: Error in connection establishment: net::ERR_CONNECTION_REFUSED @ http://localhost:5174/@vite/client:1034
[  489115ms] [ERROR] WebSocket connection to 'ws://localhost:5174/' failed: Error in connection establishment: net::ERR_CONNECTION_REFUSED @ http://localhost:5174/@vite/client:1034
[  494656ms] [ERROR] WebSocket connection to 'ws://localhost:5174/' failed: Error in connection establishment: net::ERR_CONNECTION_REFUSED @ http://localhost:5174/@vite/client:1034
[  497931ms] [ERROR] WebSocket connection to 'ws://localhost:5174/' failed: Error in connection establishment: net::ERR_CONNECTION_REFUSED @ http://localhost:5174/@vite/client:1034
[  501229ms] [ERROR] WebSocket connection to 'ws://localhost:5174/' failed: Error in connection establishment: net::ERR_CONNECTION_REFUSED @ http://localhost:5174/@vite/client:1034
[  506083ms] [ERROR] WebSocket connection to 'ws://localhost:5174/' failed: Error in connection establishment: net::ERR_CONNECTION_REFUSED @ http://localhost:5174/@vite/client:1034
[  510037ms] [ERROR] WebSocket connection to 'ws://localhost:5174/' failed: Error in connection establishment: net::ERR_CONNECTION_REFUSED @ http://localhost:5174/@vite/client:1034
[  512963ms] [ERROR] WebSocket connection to 'ws://localhost:5174/' failed: Error in connection establishment: net::ERR_CONNECTION_REFUSED @ http://localhost:5174/@vite/client:1034
[  515319ms] [ERROR] WebSocket connection to 'ws://localhost:5174/' failed: Error in connection establishment: net::ERR_CONNECTION_REFUSED @ http://localhost:5174/@vite/client:1034
[  518689ms] [ERROR] WebSocket connection to 'ws://localhost:5174/' failed: Error in connection establishment: net::ERR_CONNECTION_REFUSED @ http://localhost:5174/@vite/client:1034
[  524253ms] [ERROR] WebSocket connection to 'ws://localhost:5174/' failed: Error in connection establishment: net::ERR_CONNECTION_REFUSED @ http://localhost:5174/@vite/client:1034
[  528959ms] [ERROR] WebSocket connection to 'ws://localhost:5174/' failed: Error in connection establishment: net::ERR_CONNECTION_REFUSED @ http://localhost:5174/@vite/client:1034
[  533904ms] [ERROR] WebSocket connection to 'ws://localhost:5174/' failed: Error in connection establishment: net::ERR_CONNECTION_REFUSED @ http://localhost:5174/@vite/client:1034
[  538304ms] [ERROR] WebSocket connection to 'ws://localhost:5174/' failed: Error in connection establishment: net::ERR_CONNECTION_REFUSED @ http://localhost:5174/@vite/client:1034
[  543441ms] [ERROR] WebSocket connection to 'ws://localhost:5174/' failed: Error in connection establishment: net::ERR_CONNECTION_REFUSED @ http://localhost:5174/@vite/client:1034
[  548590ms] [ERROR] WebSocket connection to 'ws://localhost:5174/' failed: Error in connection establishment: net::ERR_CONNECTION_REFUSED @ http://localhost:5174/@vite/client:1034
[  553336ms] [ERROR] WebSocket connection to 'ws://localhost:5174/' failed: Error in connection establishment: net::ERR_CONNECTION_REFUSED @ http://localhost:5174/@vite/client:1034
[  556524ms] [ERROR] WebSocket connection to 'ws://localhost:5174/' failed: Error in connection establishment: net::ERR_CONNECTION_REFUSED @ http://localhost:5174/@vite/client:1034
[  561194ms] [ERROR] WebSocket connection to 'ws://localhost:5174/' failed: Error in connection establishment: net::ERR_CONNECTION_REFUSED @ http://localhost:5174/@vite/client:1034
[  566260ms] [ERROR] WebSocket connection to 'ws://localhost:5174/' failed: Error in connection establishment: net::ERR_CONNECTION_REFUSED @ http://localhost:5174/@vite/client:1034
[  571337ms] [ERROR] WebSocket connection to 'ws://localhost:5174/' failed: Error in connection establishment: net::ERR_CONNECTION_REFUSED @ http://localhost:5174/@vite/client:1034
[  573796ms] [ERROR] WebSocket connection to 'ws://localhost:5174/' failed: Error in connection establishment: net::ERR_CONNECTION_REFUSED @ http://localhost:5174/@vite/client:1034
[  578987ms] [ERROR] WebSocket connection to 'ws://localhost:5174/' failed: Error in connection establishment: net::ERR_CONNECTION_REFUSED @ http://localhost:5174/@vite/client:1034
[  582277ms] [ERROR] WebSocket connection to 'ws://localhost:5174/' failed: Error in connection establishment: net::ERR_CONNECTION_REFUSED @ http://localhost:5174/@vite/client:1034
[  588145ms] [ERROR] WebSocket connection to 'ws://localhost:5174/' failed: Error in connection establishment: net::ERR_CONNECTION_REFUSED @ http://localhost:5174/@vite/client:1034
[  591050ms] [ERROR] WebSocket connection to 'ws://localhost:5174/' failed: Error in connection establishment: net::ERR_CONNECTION_REFUSED @ http://localhost:5174/@vite/client:1034
[  595494ms] [ERROR] WebSocket connection to 'ws://localhost:5174/' failed: Error in connection establishment: net::ERR_CONNECTION_REFUSED @ http://localhost:5174/@vite/client:1034
[  598595ms] [ERROR] WebSocket connection to 'ws://localhost:5174/' failed: Error in connection establishment: net::ERR_CONNECTION_REFUSED @ http://localhost:5174/@vite/client:1034
[  604314ms] [ERROR] WebSocket connection to 'ws://localhost:5174/' failed: Error in connection establishment: net::ERR_CONNECTION_REFUSED @ http://localhost:5174/@vite/client:1034
[  609399ms] [ERROR] WebSocket connection to 'ws://localhost:5174/' failed: Error in connection establishment: net::ERR_CONNECTION_REFUSED @ http://localhost:5174/@vite/client:1034
[  612112ms] [ERROR] WebSocket connection to 'ws://localhost:5174/' failed: Error in connection establishment: net::ERR_CONNECTION_REFUSED @ http://localhost:5174/@vite/client:1034
[  617572ms] [ERROR] WebSocket connection to 'ws://localhost:5174/' failed: Error in connection establishment: net::ERR_CONNECTION_REFUSED @ http://localhost:5174/@vite/client:1034
